{"logTime": "0124/052742", "correlationVector":"TbLvQ5eDNYk7PXegWz6lny.126","action":"GetUpdates", "result":"DeleteReceived", "context":{"id":"86a90890-15a7-4ffc-b26c-bad907f0d4cb", "isDeleted:":"true", "version":"1674400502432"}}
{"logTime": "0124/052742", "correlationVector":"TbLvQ5eDNYk7PXegWz6lny.127","action":"GetUpdates", "result":"DeleteReceived", "context":{"id":"f41f8ccb-0c4e-4676-b32b-eb4c0c79177a", "isDeleted:":"true", "version":"1674400570786"}}
{"logTime": "0124/052742", "correlationVector":"TbLvQ5eDNYk7PXegWz6lny.128","action":"GetUpdates", "result":"DeleteReceived", "context":{"id":"1961eaaf-60f1-4a1e-aa94-fb42b81c37f3", "isDeleted:":"true", "version":"1674443583628"}}
{"logTime": "0124/052742", "correlationVector":"TbLvQ5eDNYk7PXegWz6lny.129","action":"GetUpdates", "result":"DeleteReceived", "context":{"id":"7ca7301e-cd2f-41a6-acc1-b556e0fb03ad", "isDeleted:":"true", "version":"1674443583629"}}
{"logTime": "0124/052742", "correlationVector":"TbLvQ5eDNYk7PXegWz6lny.130","action":"GetUpdates", "result":"DeleteReceived", "context":{"id":"e3a3a0e6-8d28-407a-92da-6e317a13472d", "isDeleted:":"true", "version":"1674443583630"}}
{"logTime": "0124/052742", "correlationVector":"TbLvQ5eDNYk7PXegWz6lny.131","action":"GetUpdates", "result":"DeleteReceived", "context":{"id":"bb4bf474-179b-4ad2-ae27-921a0f386473", "isDeleted:":"true", "version":"1674443890614"}}
{"logTime": "0124/052742", "correlationVector":"TbLvQ5eDNYk7PXegWz6lny.132","action":"GetUpdates", "result":"DeleteReceived", "context":{"id":"236d09cd-17df-47fb-b3b9-3fce924acbd8", "isDeleted:":"true", "version":"1674447927031"}}
{"logTime": "0124/052742", "correlationVector":"TbLvQ5eDNYk7PXegWz6lny.133","action":"GetUpdates", "result":"DeleteReceived", "context":{"id":"808935a4-deb4-4d16-b233-0ef6195b159a", "isDeleted:":"true", "version":"1674448525802"}}
{"logTime": "0124/052742", "correlationVector":"TbLvQ5eDNYk7PXegWz6lny.134","action":"GetUpdates", "result":"DeleteReceived", "context":{"id":"982c23b7-3932-4e79-9fb3-e8a8c7506d25", "isDeleted:":"true", "version":"1674448868600"}}
{"logTime": "0124/052742", "correlationVector":"TbLvQ5eDNYk7PXegWz6lny.135","action":"GetUpdates", "result":"DeleteReceived", "context":{"id":"b28e5779-9c9f-4bb5-bcda-d7869db7bdd6", "isDeleted:":"true", "version":"1674449095834"}}
{"logTime": "0124/052742", "correlationVector":"TbLvQ5eDNYk7PXegWz6lny.136","action":"GetUpdates", "result":"DeleteReceived", "context":{"id":"53b669a2-cd9b-4e0a-8276-b16fa6157691", "isDeleted:":"true", "version":"1674449279012"}}
{"logTime": "0124/052742", "correlationVector":"TbLvQ5eDNYk7PXegWz6lny.137","action":"GetUpdates", "result":"DeleteReceived", "context":{"id":"40695194-e954-495c-8e18-565f4c16f308", "isDeleted:":"true", "version":"1674449279013"}}
{"logTime": "0124/052742", "correlationVector":"TbLvQ5eDNYk7PXegWz6lny.138","action":"GetUpdates", "result":"DeleteReceived", "context":{"id":"b83fceba-1010-4106-a18f-185269471ff9", "isDeleted:":"true", "version":"1674449279014"}}
{"logTime": "0124/052742", "correlationVector":"TbLvQ5eDNYk7PXegWz6lny.139","action":"GetUpdates", "result":"DeleteReceived", "context":{"id":"598460b2-79f1-436b-ae1f-010da9a90cfc", "isDeleted:":"true", "version":"1674449279015"}}
{"logTime": "0124/052742", "correlationVector":"TbLvQ5eDNYk7PXegWz6lny.140","action":"GetUpdates", "result":"DeleteReceived", "context":{"id":"84920c9c-5fd8-4380-bf7a-180a9b0b2219", "isDeleted:":"true", "version":"1674449279016"}}
{"logTime": "0124/052742", "correlationVector":"TbLvQ5eDNYk7PXegWz6lny.141","action":"GetUpdates", "result":"DeleteReceived", "context":{"id":"fd0bb5b5-4a98-49bb-b070-b84cc1f693c9", "isDeleted:":"true", "version":"1674449279017"}}
{"logTime": "0124/052742", "correlationVector":"TbLvQ5eDNYk7PXegWz6lny.142","action":"GetUpdates", "result":"DeleteReceived", "context":{"id":"a824333d-defd-41fd-adba-023d957b58d8", "isDeleted:":"true", "version":"1674449279018"}}
{"logTime": "0124/052742", "correlationVector":"TbLvQ5eDNYk7PXegWz6lny.143","action":"GetUpdates", "result":"DeleteReceived", "context":{"id":"1712a9bf-7236-4266-9b77-d51d9b10e7d1", "isDeleted:":"true", "version":"1674449740770"}}
{"logTime": "0124/052742", "correlationVector":"TbLvQ5eDNYk7PXegWz6lny.144","action":"GetUpdates", "result":"DeleteReceived", "context":{"id":"217a52a8-46c7-4903-ac98-7d504c1a996e", "isDeleted:":"true", "version":"1674449890986"}}
{"logTime": "0124/052742", "correlationVector":"TbLvQ5eDNYk7PXegWz6lny.145","action":"GetUpdates", "result":"DeleteReceived", "context":{"id":"0a4512cc-7cc9-4361-8c00-d5d3ee1ea8ce", "isDeleted:":"true", "version":"1674449890987"}}
{"logTime": "0124/052742", "correlationVector":"TbLvQ5eDNYk7PXegWz6lny.146","action":"GetUpdates", "result":"DeleteReceived", "context":{"id":"477a8bb9-bc26-42ff-b003-66922e99d2da", "isDeleted:":"true", "version":"1674451268478"}}
{"logTime": "0124/052742", "correlationVector":"TbLvQ5eDNYk7PXegWz6lny.147","action":"GetUpdates", "result":"DeleteReceived", "context":{"id":"cffac2b6-204f-4240-b80b-b92db5b21e6a", "isDeleted:":"true", "version":"1674451268479"}}
{"logTime": "0124/052742", "correlationVector":"TbLvQ5eDNYk7PXegWz6lny.148","action":"GetUpdates", "result":"DeleteReceived", "context":{"id":"f2504213-a652-4ab1-ad4b-653993f9df11", "isDeleted:":"true", "version":"1674451268480"}}
{"logTime": "0124/052742", "correlationVector":"TbLvQ5eDNYk7PXegWz6lny.149","action":"GetUpdates", "result":"DeleteReceived", "context":{"id":"9d9816b8-e5c7-4ba2-989e-eaa7c8ef6fc3", "isDeleted:":"true", "version":"1674452252264"}}
{"logTime": "0124/052742", "correlationVector":"TbLvQ5eDNYk7PXegWz6lny.150","action":"GetUpdates", "result":"DeleteReceived", "context":{"id":"e6b57a43-dee2-44ad-9e05-74d144eae434", "isDeleted:":"true", "version":"1674452252266"}}
{"logTime": "0124/052742", "correlationVector":"TbLvQ5eDNYk7PXegWz6lny.151","action":"GetUpdates", "result":"DeleteReceived", "context":{"id":"03f19452-f5e8-44e4-aa4d-28ed99ad22eb", "isDeleted:":"true", "version":"1674452283279"}}
{"logTime": "0124/052742", "correlationVector":"TbLvQ5eDNYk7PXegWz6lny.152","action":"GetUpdates", "result":"DeleteReceived", "context":{"id":"b89908a6-c1a3-4d58-94e1-7e046a3c9fe3", "isDeleted:":"true", "version":"1674452623845"}}
{"logTime": "0124/052742", "correlationVector":"TbLvQ5eDNYk7PXegWz6lny.153","action":"GetUpdates", "result":"DeleteReceived", "context":{"id":"10c1ef72-de7a-4cd2-95b6-ba2d74a66a63", "isDeleted:":"true", "version":"1674452788318"}}
{"logTime": "0124/052742", "correlationVector":"TbLvQ5eDNYk7PXegWz6lny.154","action":"GetUpdates", "result":"DeleteReceived", "context":{"id":"7d3a14b1-4afc-42a0-90f7-ea35db5c511e", "isDeleted:":"true", "version":"1674457903096"}}
{"logTime": "0124/052742", "correlationVector":"TbLvQ5eDNYk7PXegWz6lny.155","action":"GetUpdates", "result":"DeleteReceived", "context":{"id":"74211229-aacc-4f12-802b-baf1d83d49de", "isDeleted:":"true", "version":"1674457903097"}}
{"logTime": "0124/052742", "correlationVector":"TbLvQ5eDNYk7PXegWz6lny.156","action":"GetUpdates", "result":"DeleteReceived", "context":{"id":"56038b30-7251-454c-80eb-a41e0e13bbf0", "isDeleted:":"true", "version":"1674457903098"}}
{"logTime": "0124/052742", "correlationVector":"TbLvQ5eDNYk7PXegWz6lny.157","action":"GetUpdates", "result":"DeleteReceived", "context":{"id":"1554d794-1ef0-4052-b6d3-7ece934c9021", "isDeleted:":"true", "version":"1674458215972"}}
{"logTime": "0124/052742", "correlationVector":"TbLvQ5eDNYk7PXegWz6lny.158","action":"GetUpdates", "result":"DeleteReceived", "context":{"id":"f100a8ef-462e-41fd-ad30-42e79a4cd0fb", "isDeleted:":"true", "version":"1674458275929"}}
{"logTime": "0124/052742", "correlationVector":"TbLvQ5eDNYk7PXegWz6lny.159","action":"GetUpdates", "result":"DeleteReceived", "context":{"id":"7cf79cff-9ce1-42bf-92e9-afab658c577f", "isDeleted:":"true", "version":"1674458677276"}}
{"logTime": "0124/052742", "correlationVector":"TbLvQ5eDNYk7PXegWz6lny.160","action":"GetUpdates", "result":"DeleteReceived", "context":{"id":"62414d48-b33e-457d-90b9-e7e97dcd5a5a", "isDeleted:":"true", "version":"1674459062333"}}
{"logTime": "0124/052742", "correlationVector":"TbLvQ5eDNYk7PXegWz6lny.161","action":"GetUpdates", "result":"DeleteReceived", "context":{"id":"d23133af-d497-48b0-b42e-816e2d8b4f3f", "isDeleted:":"true", "version":"1674459093337"}}
{"logTime": "0124/052742", "correlationVector":"TbLvQ5eDNYk7PXegWz6lny.162","action":"GetUpdates", "result":"DeleteReceived", "context":{"id":"626ef848-5098-495b-b5f4-4da58e7c2c9a", "isDeleted:":"true", "version":"1674459093338"}}
{"logTime": "0124/052742", "correlationVector":"TbLvQ5eDNYk7PXegWz6lny.163","action":"GetUpdates", "result":"DeleteReceived", "context":{"id":"13a74367-634f-466a-a552-6d4b6df31446", "isDeleted:":"true", "version":"1674459230451"}}
{"logTime": "0124/052742", "correlationVector":"TbLvQ5eDNYk7PXegWz6lny.164","action":"GetUpdates", "result":"DeleteReceived", "context":{"id":"d2b57929-51ae-4530-9740-6bf65fd06973", "isDeleted:":"true", "version":"1674460051472"}}
{"logTime": "0124/052742", "correlationVector":"TbLvQ5eDNYk7PXegWz6lny.165","action":"GetUpdates", "result":"DeleteReceived", "context":{"id":"ee90cff5-1084-4287-ac60-d47b65711ed6", "isDeleted:":"true", "version":"1674460051473"}}
{"logTime": "0124/052742", "correlationVector":"TbLvQ5eDNYk7PXegWz6lny.166","action":"GetUpdates", "result":"DeleteReceived", "context":{"id":"735cd734-5d50-4ebe-a2d8-daaf6f1df0ba", "isDeleted:":"true", "version":"1674460319380"}}
{"logTime": "0124/052742", "correlationVector":"TbLvQ5eDNYk7PXegWz6lny.167","action":"GetUpdates", "result":"DeleteReceived", "context":{"id":"2d633548-ffd3-4c60-adbc-d17e457055c6", "isDeleted:":"true", "version":"1674460517004"}}
{"logTime": "0124/052742", "correlationVector":"TbLvQ5eDNYk7PXegWz6lny.168","action":"GetUpdates", "result":"DeleteReceived", "context":{"id":"f8c276d8-44db-4d59-9115-0a0bef492532", "isDeleted:":"true", "version":"1674460517005"}}
{"logTime": "0124/052742", "correlationVector":"TbLvQ5eDNYk7PXegWz6lny.169","action":"GetUpdates", "result":"DeleteReceived", "context":{"id":"a0fd88b6-7a4d-402d-9a8e-b43a2c487f21", "isDeleted:":"true", "version":"1674460517006"}}
{"logTime": "0124/052742", "correlationVector":"TbLvQ5eDNYk7PXegWz6lny.170","action":"GetUpdates", "result":"DeleteReceived", "context":{"id":"787ec7ce-6e02-4c92-a3e9-b04f0f0a7b24", "isDeleted:":"true", "version":"1674460517007"}}
{"logTime": "0124/052742", "correlationVector":"TbLvQ5eDNYk7PXegWz6lny.171","action":"GetUpdates", "result":"DeleteReceived", "context":{"id":"a744d774-a3f4-4f50-b972-ddb0d207a95e", "isDeleted:":"true", "version":"1674460601373"}}
{"logTime": "0124/052742", "correlationVector":"TbLvQ5eDNYk7PXegWz6lny.172","action":"GetUpdates", "result":"DeleteReceived", "context":{"id":"fd71e3c2-2573-46f4-8ee5-f056da1f6ba1", "isDeleted:":"true", "version":"1674460968612"}}
{"logTime": "0124/052742", "correlationVector":"TbLvQ5eDNYk7PXegWz6lny.173","action":"GetUpdates", "result":"DeleteReceived", "context":{"id":"160d3ee3-aad0-4059-9b19-80ce9e20b715", "isDeleted:":"true", "version":"1674461047145"}}
{"logTime": "0124/052742", "correlationVector":"TbLvQ5eDNYk7PXegWz6lny.174","action":"GetUpdates", "result":"DeleteReceived", "context":{"id":"2d659641-80f1-44e5-b27e-00f6440dc92d", "isDeleted:":"true", "version":"1674461047146"}}
{"logTime": "0124/052742", "correlationVector":"TbLvQ5eDNYk7PXegWz6lny.175","action":"GetUpdates", "result":"DeleteReceived", "context":{"id":"32a0cd64-b89f-4695-8a05-62fde987bcd3", "isDeleted:":"true", "version":"1674461152677"}}
{"logTime": "0124/052742", "correlationVector":"TbLvQ5eDNYk7PXegWz6lny.176","action":"GetUpdates", "result":"DeleteReceived", "context":{"id":"96d0f6a8-d17a-4667-bb15-41acde13d318", "isDeleted:":"true", "version":"1674461389545"}}
{"logTime": "0124/052742", "correlationVector":"TbLvQ5eDNYk7PXegWz6lny.177","action":"GetUpdates", "result":"DeleteReceived", "context":{"id":"f6634bec-fa2f-4c17-86df-ab2ed2342016", "isDeleted:":"true", "version":"1674461457839"}}
{"logTime": "0124/052742", "correlationVector":"TbLvQ5eDNYk7PXegWz6lny.178","action":"GetUpdates", "result":"DeleteReceived", "context":{"id":"be816887-96e1-4e20-b5ec-1d3f0f0eaf03", "isDeleted:":"true", "version":"1674461549781"}}
{"logTime": "0124/052742", "correlationVector":"TbLvQ5eDNYk7PXegWz6lny.179","action":"GetUpdates", "result":"DeleteReceived", "context":{"id":"c954cdbb-07ee-4a7c-833b-c74d63ecfc66", "isDeleted:":"true", "version":"1674462198797"}}
{"logTime": "0124/052742", "correlationVector":"TbLvQ5eDNYk7PXegWz6lny.180","action":"GetUpdates", "result":"DeleteReceived", "context":{"id":"00c94aa3-d984-4b36-970a-bed5b4126202", "isDeleted:":"true", "version":"1674462259867"}}
{"logTime": "0124/052742", "correlationVector":"TbLvQ5eDNYk7PXegWz6lny.181","action":"GetUpdates", "result":"DeleteReceived", "context":{"id":"709640d6-0712-4655-959d-7742539c3a82", "isDeleted:":"true", "version":"1674511144149"}}
{"logTime": "0124/052742", "correlationVector":"TbLvQ5eDNYk7PXegWz6lny.182","action":"GetUpdates", "result":"DeleteReceived", "context":{"id":"44ea8f81-677a-419a-a821-4c772b0b09ae", "isDeleted:":"true", "version":"1674511144150"}}
{"logTime": "0124/052742", "correlationVector":"TbLvQ5eDNYk7PXegWz6lny.183","action":"GetUpdates", "result":"DeleteReceived", "context":{"id":"c072349f-64da-4cf6-b17c-30388605e2bb", "isDeleted:":"true", "version":"1674511664105"}}
{"logTime": "0124/052742", "correlationVector":"TbLvQ5eDNYk7PXegWz6lny.184","action":"GetUpdates", "result":"DeleteReceived", "context":{"id":"bb3b2331-fc31-41c7-a7f2-b5970eb0f819", "isDeleted:":"true", "version":"1674511998486"}}
{"logTime": "0124/052742", "correlationVector":"TbLvQ5eDNYk7PXegWz6lny.185","action":"GetUpdates", "result":"DeleteReceived", "context":{"id":"84b9b7c2-c194-4f11-b186-f1f38780c9ed", "isDeleted:":"true", "version":"1674512574362"}}
{"logTime": "0124/052742", "correlationVector":"TbLvQ5eDNYk7PXegWz6lny.186","action":"GetUpdates", "result":"DeleteReceived", "context":{"id":"84b266dc-3951-4977-96a0-63ecafa6aa75", "isDeleted:":"true", "version":"1674512574363"}}
{"logTime": "0124/052742", "correlationVector":"TbLvQ5eDNYk7PXegWz6lny.187","action":"GetUpdates", "result":"DeleteReceived", "context":{"id":"f4d8f33d-b13c-4914-b735-bfd89d2a01da", "isDeleted:":"true", "version":"1674512574364"}}
{"logTime": "0124/052742", "correlationVector":"TbLvQ5eDNYk7PXegWz6lny.188","action":"GetUpdates", "result":"DeleteReceived", "context":{"id":"45d24d9c-6002-4f64-94c4-a15fbdf12842", "isDeleted:":"true", "version":"1674513736544"}}
{"logTime": "0124/052742", "correlationVector":"TbLvQ5eDNYk7PXegWz6lny.189","action":"GetUpdates", "result":"DeleteReceived", "context":{"id":"ad8a7141-0633-465c-9e7b-824ef32b554d", "isDeleted:":"true", "version":"1674513736545"}}
{"logTime": "0124/052742", "correlationVector":"TbLvQ5eDNYk7PXegWz6lny.190","action":"GetUpdates", "result":"DeleteReceived", "context":{"id":"7246693c-fc51-4b73-a1c1-b812fc8d3bd2", "isDeleted:":"true", "version":"1674513736546"}}
{"logTime": "0124/052742", "correlationVector":"TbLvQ5eDNYk7PXegWz6lny.191","action":"GetUpdates", "result":"DeleteReceived", "context":{"id":"ce03d8c2-272f-47c2-bb1a-4e1461233c60", "isDeleted:":"true", "version":"1674513736547"}}
{"logTime": "0124/052742", "correlationVector":"TbLvQ5eDNYk7PXegWz6lny.192","action":"GetUpdates", "result":"DeleteReceived", "context":{"id":"2cf7436c-337c-4392-90e2-d8414ef4214a", "isDeleted:":"true", "version":"1674513736549"}}
{"logTime": "0124/052742", "correlationVector":"TbLvQ5eDNYk7PXegWz6lny.193","action":"GetUpdates", "result":"DeleteReceived", "context":{"id":"0ace531a-3017-474b-a3b8-49d22a8778ae", "isDeleted:":"true", "version":"1674513898736"}}
{"logTime": "0124/052742", "correlationVector":"TbLvQ5eDNYk7PXegWz6lny.194","action":"GetUpdates", "result":"DeleteReceived", "context":{"id":"e87ef4be-0baa-46b7-8dee-d94f6691d323", "isDeleted:":"true", "version":"1674513898737"}}
{"logTime": "0124/052742", "correlationVector":"TbLvQ5eDNYk7PXegWz6lny.195","action":"GetUpdates", "result":"DeleteReceived", "context":{"id":"fd090a7c-76c5-4394-9fd9-a39ad4b25a33", "isDeleted:":"true", "version":"1674516381548"}}
{"logTime": "0124/052742", "correlationVector":"TbLvQ5eDNYk7PXegWz6lny.196","action":"GetUpdates", "result":"DeleteReceived", "context":{"id":"6369cb3a-bb45-471a-8ed3-b2d698e151b0", "isDeleted:":"true", "version":"1674516381549"}}
{"logTime": "0124/052742", "correlationVector":"TbLvQ5eDNYk7PXegWz6lny.197","action":"GetUpdates", "result":"DeleteReceived", "context":{"id":"bd9431e3-aed8-4afe-b103-a6a44e5c90d2", "isDeleted:":"true", "version":"1674520769950"}}
{"logTime": "0124/052742", "correlationVector":"TbLvQ5eDNYk7PXegWz6lny.198","action":"GetUpdates", "result":"DeleteReceived", "context":{"id":"457eb5ef-a734-4a1a-b6db-b7d0e6f2073b", "isDeleted:":"true", "version":"1674520769951"}}
{"logTime": "0124/052742", "correlationVector":"TbLvQ5eDNYk7PXegWz6lny.199","action":"GetUpdates", "result":"DeleteReceived", "context":{"id":"9ffac539-efc9-4dbd-bb0d-20e0040b64c2", "isDeleted:":"true", "version":"1674521002515"}}
{"logTime": "0124/052742", "correlationVector":"TbLvQ5eDNYk7PXegWz6lny.200","action":"GetUpdates Response", "result":"SERVER_MORE_TO_DOWNLOAD", "context":Received 250 update(s).  Some updates remain.}
{"logTime": "0124/052742", "correlationVector":"/jG0Hq5tKzr1GKcn2gjs2r","action":"Initial GetUpdates", "result":"", "context":Reason: RECONFIGURATION. cV=/jG0Hq5tKzr1GKcn2gjs2r}
{"logTime": "0124/052742", "correlationVector":"/jG0Hq5tKzr1GKcn2gjs2r.1","action":"SyncServerConnectionManagerRequest", "result":"SYNC_SERVER_OK", "context":{"environment":"Prod_AustraliaEast_0009", "server":"GENERAL01000003"}}
{"logTime": "0124/052742", "correlationVector":"/jG0Hq5tKzr1GKcn2gjs2r.2","action":"GetUpdates", "result":"DeleteReceived", "context":{"id":"36ce46f1-55f0-4a5d-aa33-dbb6756bdc0c", "isDeleted:":"true", "version":"1674533302549"}}
{"logTime": "0124/052742", "correlationVector":"/jG0Hq5tKzr1GKcn2gjs2r.3","action":"GetUpdates", "result":"DeleteReceived", "context":{"id":"b30ab8d6-b7d4-4828-a94f-9288881083b8", "isDeleted:":"true", "version":"1674533302551"}}
{"logTime": "0124/052742", "correlationVector":"/jG0Hq5tKzr1GKcn2gjs2r.4","action":"GetUpdates", "result":"DeleteReceived", "context":{"id":"bac9b351-b32b-4286-aef5-9a3a22f65f11", "isDeleted:":"true", "version":"1674533370167"}}
{"logTime": "0124/052742", "correlationVector":"/jG0Hq5tKzr1GKcn2gjs2r.5","action":"GetUpdates", "result":"DeleteReceived", "context":{"id":"12f9155c-9e70-4150-b111-2d8a6a9e0a0e", "isDeleted:":"true", "version":"1674534056546"}}
{"logTime": "0124/052742", "correlationVector":"/jG0Hq5tKzr1GKcn2gjs2r.6","action":"GetUpdates", "result":"DeleteReceived", "context":{"id":"65161e82-9dc4-49bd-9734-b429d1c6a98d", "isDeleted:":"true", "version":"1674535054019"}}
{"logTime": "0124/052742", "correlationVector":"/jG0Hq5tKzr1GKcn2gjs2r.7","action":"GetUpdates", "result":"DeleteReceived", "context":{"id":"c841460f-3055-4cf3-80ae-63c30cf8dfd1", "isDeleted:":"true", "version":"1674535054020"}}
{"logTime": "0124/052742", "correlationVector":"/jG0Hq5tKzr1GKcn2gjs2r.8","action":"GetUpdates", "result":"DeleteReceived", "context":{"id":"9500380f-9780-4df2-b893-1d4fd5ad1035", "isDeleted:":"true", "version":"1674535583897"}}
{"logTime": "0124/052742", "correlationVector":"/jG0Hq5tKzr1GKcn2gjs2r.9","action":"GetUpdates", "result":"DeleteReceived", "context":{"id":"2061850f-93a6-4b6c-b9b4-a039f63e00da", "isDeleted:":"true", "version":"1674536382941"}}
{"logTime": "0124/052742", "correlationVector":"/jG0Hq5tKzr1GKcn2gjs2r.10","action":"GetUpdates Response", "result":"SYNCER_OK", "context":Received 22 update(s). cV=/jG0Hq5tKzr1GKcn2gjs2r.0;server=GENERAL01000003;cloudType=Consumer;environment=Prod_AustraliaEast_0009}
{"logTime": "0124/052742", "correlationVector":"Y1zkYZ6hTgutitiHS3Tn6i","action":"Initial GetUpdates", "result":"", "context":Reason: NEWLY_SUPPORTED_DATATYPE. cV=Y1zkYZ6hTgutitiHS3Tn6i}
{"logTime": "0124/052743", "correlationVector":"Y1zkYZ6hTgutitiHS3Tn6i.1","action":"SyncServerConnectionManagerRequest", "result":"SYNC_SERVER_OK", "context":{"environment":"Prod_AustraliaEast_0009", "server":"GENERAL01000005"}}
{"logTime": "0124/052743", "correlationVector":"Y1zkYZ6hTgutitiHS3Tn6i.2","action":"GetUpdates", "result":"DeleteReceived", "context":{"id":"7f61cec6-24ad-4221-9a7d-eb96187ba39f", "isDeleted:":"true", "version":"1671090210410"}}
{"logTime": "0124/052743", "correlationVector":"Y1zkYZ6hTgutitiHS3Tn6i.3","action":"GetUpdates", "result":"DeleteReceived", "context":{"id":"8ff5bc8e-9f27-466c-8839-c3f0d459cf09", "isDeleted:":"true", "version":"1673336096242"}}
{"logTime": "0124/052743", "correlationVector":"Y1zkYZ6hTgutitiHS3Tn6i.4","action":"GetUpdates", "result":"DeleteReceived", "context":{"id":"68790542-df5c-4435-a408-6b5bbe16b116", "isDeleted:":"true", "version":"1673928127378"}}
{"logTime": "0124/052743", "correlationVector":"Y1zkYZ6hTgutitiHS3Tn6i.5","action":"GetUpdates", "result":"DeleteReceived", "context":{"id":"e6600d9b-6bbf-4866-897d-5f9dc4228043", "isDeleted:":"true", "version":"1673928127379"}}
{"logTime": "0124/052743", "correlationVector":"Y1zkYZ6hTgutitiHS3Tn6i.6","action":"GetUpdates", "result":"DeleteReceived", "context":{"id":"948e3e58-75c4-4072-bb7f-b01c6827c3d3", "isDeleted:":"true", "version":"1673928127381"}}
{"logTime": "0124/052743", "correlationVector":"Y1zkYZ6hTgutitiHS3Tn6i.7","action":"GetUpdates", "result":"DeleteReceived", "context":{"id":"df543f48-03b1-4747-bbb5-451d7047ba07", "isDeleted:":"true", "version":"1673928127382"}}
{"logTime": "0124/052743", "correlationVector":"Y1zkYZ6hTgutitiHS3Tn6i.8","action":"GetUpdates", "result":"DeleteReceived", "context":{"id":"9775df1c-5a12-4093-a964-00caaa49e71b", "isDeleted:":"true", "version":"1673928127385"}}
{"logTime": "0124/052743", "correlationVector":"Y1zkYZ6hTgutitiHS3Tn6i.9","action":"GetUpdates", "result":"DeleteReceived", "context":{"id":"8cea8fd1-90aa-45e7-a1d7-e01f9dfba289", "isDeleted:":"true", "version":"1673928127386"}}
{"logTime": "0124/052743", "correlationVector":"Y1zkYZ6hTgutitiHS3Tn6i.10","action":"GetUpdates", "result":"DeleteReceived", "context":{"id":"b1f10b41-5328-4205-84d0-2d1056411087", "isDeleted:":"true", "version":"1673928127387"}}
{"logTime": "0124/052743", "correlationVector":"Y1zkYZ6hTgutitiHS3Tn6i.11","action":"GetUpdates", "result":"DeleteReceived", "context":{"id":"a90e1a47-1128-4cbb-8276-38984006b39f", "isDeleted:":"true", "version":"1673928127390"}}
{"logTime": "0124/052743", "correlationVector":"Y1zkYZ6hTgutitiHS3Tn6i.12","action":"GetUpdates", "result":"DeleteReceived", "context":{"id":"38000b9c-77b9-4898-80ed-4046230e746b", "isDeleted:":"true", "version":"1673928127396"}}
{"logTime": "0124/052743", "correlationVector":"Y1zkYZ6hTgutitiHS3Tn6i.13","action":"GetUpdates", "result":"DeleteReceived", "context":{"id":"5efba517-90ca-44cb-8fe3-d8d53aebc388", "isDeleted:":"true", "version":"1673928127397"}}
{"logTime": "0124/052743", "correlationVector":"Y1zkYZ6hTgutitiHS3Tn6i.14","action":"GetUpdates", "result":"DeleteReceived", "context":{"id":"bf8749ed-fc4e-4cf9-9351-52692a3a23c1", "isDeleted:":"true", "version":"1673928131350"}}
{"logTime": "0124/052743", "correlationVector":"Y1zkYZ6hTgutitiHS3Tn6i.15","action":"GetUpdates", "result":"DeleteReceived", "context":{"id":"95f29110-7137-41b8-8a6e-c9956d0393b7", "isDeleted:":"true", "version":"1673928131352"}}
{"logTime": "0124/052743", "correlationVector":"Y1zkYZ6hTgutitiHS3Tn6i.16","action":"GetUpdates", "result":"DeleteReceived", "context":{"id":"c4a7a9f8-3da2-4bfa-ada2-9d24a91f7088", "isDeleted:":"true", "version":"1673928131355"}}
{"logTime": "0124/052743", "correlationVector":"Y1zkYZ6hTgutitiHS3Tn6i.17","action":"GetUpdates", "result":"DeleteReceived", "context":{"id":"9c7e3be4-104b-4f85-859e-ff3933de3da7", "isDeleted:":"true", "version":"1673928131358"}}
{"logTime": "0124/052743", "correlationVector":"Y1zkYZ6hTgutitiHS3Tn6i.18","action":"GetUpdates", "result":"DeleteReceived", "context":{"id":"d82c7fd8-ab52-4404-b797-c7a41c6f555a", "isDeleted:":"true", "version":"1673928131362"}}
{"logTime": "0124/052743", "correlationVector":"Y1zkYZ6hTgutitiHS3Tn6i.19","action":"GetUpdates", "result":"DeleteReceived", "context":{"id":"1fa1fb42-41a5-44ea-aaf3-b9f81bda306a", "isDeleted:":"true", "version":"1673928131365"}}
{"logTime": "0124/052743", "correlationVector":"Y1zkYZ6hTgutitiHS3Tn6i.20","action":"GetUpdates", "result":"DeleteReceived", "context":{"id":"43baa224-6aa7-4521-b792-23cbf30e2904", "isDeleted:":"true", "version":"1673928134086"}}
{"logTime": "0124/052743", "correlationVector":"Y1zkYZ6hTgutitiHS3Tn6i.21","action":"GetUpdates", "result":"DeleteReceived", "context":{"id":"7c671777-d9f5-43a9-aa2c-0be6ca744fa1", "isDeleted:":"true", "version":"1673928134089"}}
{"logTime": "0124/052743", "correlationVector":"Y1zkYZ6hTgutitiHS3Tn6i.22","action":"GetUpdates", "result":"DeleteReceived", "context":{"id":"d29a20b3-f485-456d-8c26-ea63648319b8", "isDeleted:":"true", "version":"1673928134090"}}
{"logTime": "0124/052743", "correlationVector":"Y1zkYZ6hTgutitiHS3Tn6i.23","action":"GetUpdates", "result":"DeleteReceived", "context":{"id":"c508058c-caf4-4ecb-8e5e-2383db56d323", "isDeleted:":"true", "version":"1673928134097"}}
{"logTime": "0124/052743", "correlationVector":"Y1zkYZ6hTgutitiHS3Tn6i.24","action":"GetUpdates", "result":"DeleteReceived", "context":{"id":"0e8795f4-67ab-4d7b-94a9-43b71e4d0c4a", "isDeleted:":"true", "version":"1673928134101"}}
{"logTime": "0124/052743", "correlationVector":"Y1zkYZ6hTgutitiHS3Tn6i.25","action":"GetUpdates", "result":"DeleteReceived", "context":{"id":"0c544830-6a74-4cda-8f21-b6df7c782456", "isDeleted:":"true", "version":"1673928134102"}}
{"logTime": "0124/052743", "correlationVector":"Y1zkYZ6hTgutitiHS3Tn6i.26","action":"GetUpdates", "result":"DeleteReceived", "context":{"id":"09bf5558-6280-426f-9a8c-e4d19c8ef212", "isDeleted:":"true", "version":"1673928134104"}}
{"logTime": "0124/052743", "correlationVector":"Y1zkYZ6hTgutitiHS3Tn6i.27","action":"GetUpdates", "result":"DeleteReceived", "context":{"id":"0f3208a5-1117-4fe0-aebb-a306216f78af", "isDeleted:":"true", "version":"1673928136607"}}
{"logTime": "0124/052743", "correlationVector":"Y1zkYZ6hTgutitiHS3Tn6i.28","action":"GetUpdates", "result":"DeleteReceived", "context":{"id":"f1748c30-52f3-456b-8ec1-ff51ff6957b6", "isDeleted:":"true", "version":"1673928136613"}}
{"logTime": "0124/052743", "correlationVector":"Y1zkYZ6hTgutitiHS3Tn6i.29","action":"GetUpdates", "result":"DeleteReceived", "context":{"id":"93a9e7af-22c5-4cad-aec2-4489707bf86e", "isDeleted:":"true", "version":"1673928136614"}}
{"logTime": "0124/052743", "correlationVector":"Y1zkYZ6hTgutitiHS3Tn6i.30","action":"GetUpdates", "result":"DeleteReceived", "context":{"id":"79ab08f6-0d25-4151-a1b8-be8dd6bb9c6c", "isDeleted:":"true", "version":"1673928136615"}}
{"logTime": "0124/052743", "correlationVector":"Y1zkYZ6hTgutitiHS3Tn6i.31","action":"GetUpdates", "result":"DeleteReceived", "context":{"id":"b0aac1fb-5328-4b2f-9390-24a7fe9e6733", "isDeleted:":"true", "version":"1673928136617"}}
{"logTime": "0124/052743", "correlationVector":"Y1zkYZ6hTgutitiHS3Tn6i.32","action":"GetUpdates", "result":"DeleteReceived", "context":{"id":"3c860bd2-47b3-46d3-af33-db46d92766f5", "isDeleted:":"true", "version":"1673928136619"}}
{"logTime": "0124/052743", "correlationVector":"Y1zkYZ6hTgutitiHS3Tn6i.33","action":"GetUpdates", "result":"DeleteReceived", "context":{"id":"97ae70fe-4b94-4335-a2e9-c52ab092a799", "isDeleted:":"true", "version":"1673928136621"}}
{"logTime": "0124/052743", "correlationVector":"Y1zkYZ6hTgutitiHS3Tn6i.34","action":"GetUpdates", "result":"DeleteReceived", "context":{"id":"792c1c7b-e7ce-4523-8e6b-b394f99bdd44", "isDeleted:":"true", "version":"1673928136622"}}
{"logTime": "0124/052743", "correlationVector":"Y1zkYZ6hTgutitiHS3Tn6i.35","action":"GetUpdates", "result":"DeleteReceived", "context":{"id":"aec19448-aa21-4add-a8ee-3deb78b2dbae", "isDeleted:":"true", "version":"1673928139152"}}
{"logTime": "0124/052743", "correlationVector":"Y1zkYZ6hTgutitiHS3Tn6i.36","action":"GetUpdates", "result":"DeleteReceived", "context":{"id":"54579302-02d2-40bb-88ad-d1fc28f4e410", "isDeleted:":"true", "version":"1673928139154"}}
{"logTime": "0124/052743", "correlationVector":"Y1zkYZ6hTgutitiHS3Tn6i.37","action":"GetUpdates", "result":"DeleteReceived", "context":{"id":"5f2203db-337c-4caf-90f3-fe080c689822", "isDeleted:":"true", "version":"1673928139156"}}
{"logTime": "0124/052743", "correlationVector":"Y1zkYZ6hTgutitiHS3Tn6i.38","action":"GetUpdates", "result":"DeleteReceived", "context":{"id":"50ad2132-5e03-4fad-899d-7935bbf40b93", "isDeleted:":"true", "version":"1673928139157"}}
{"logTime": "0124/052743", "correlationVector":"Y1zkYZ6hTgutitiHS3Tn6i.39","action":"GetUpdates", "result":"DeleteReceived", "context":{"id":"c686821c-89b8-4443-bc4d-15e7e1aecfa7", "isDeleted:":"true", "version":"1673928139161"}}
{"logTime": "0124/052743", "correlationVector":"Y1zkYZ6hTgutitiHS3Tn6i.40","action":"GetUpdates", "result":"DeleteReceived", "context":{"id":"c9bda7b0-8442-4595-893d-a046378e2570", "isDeleted:":"true", "version":"1673928139166"}}
{"logTime": "0124/052743", "correlationVector":"Y1zkYZ6hTgutitiHS3Tn6i.41","action":"GetUpdates", "result":"DeleteReceived", "context":{"id":"4969767e-3244-4829-a5cd-0bcf2ace8ffb", "isDeleted:":"true", "version":"1673928139169"}}
{"logTime": "0124/052743", "correlationVector":"Y1zkYZ6hTgutitiHS3Tn6i.42","action":"GetUpdates", "result":"DeleteReceived", "context":{"id":"76ddabbf-b62c-4ae0-968c-39ef5f5c5dfb", "isDeleted:":"true", "version":"1673928141667"}}
{"logTime": "0124/052743", "correlationVector":"Y1zkYZ6hTgutitiHS3Tn6i.43","action":"GetUpdates", "result":"DeleteReceived", "context":{"id":"0d6b058d-2b21-499d-bf90-72eb2dae4b84", "isDeleted:":"true", "version":"1673928141668"}}
{"logTime": "0124/052743", "correlationVector":"Y1zkYZ6hTgutitiHS3Tn6i.44","action":"GetUpdates", "result":"DeleteReceived", "context":{"id":"5f8f0986-7d84-4d3d-8548-9dc680a77374", "isDeleted:":"true", "version":"1673928141672"}}
{"logTime": "0124/052743", "correlationVector":"Y1zkYZ6hTgutitiHS3Tn6i.45","action":"GetUpdates", "result":"DeleteReceived", "context":{"id":"cf45dd59-53f4-44b6-b082-c6b297266917", "isDeleted:":"true", "version":"1673928141673"}}
{"logTime": "0124/052743", "correlationVector":"Y1zkYZ6hTgutitiHS3Tn6i.46","action":"GetUpdates", "result":"DeleteReceived", "context":{"id":"3f924aed-962e-4c11-8d75-9a1bbf723a1a", "isDeleted:":"true", "version":"1673928141674"}}
{"logTime": "0124/052743", "correlationVector":"Y1zkYZ6hTgutitiHS3Tn6i.47","action":"GetUpdates", "result":"DeleteReceived", "context":{"id":"4d5ac25e-ff7a-4597-a574-adf8212d8c6c", "isDeleted:":"true", "version":"1673928141676"}}
{"logTime": "0124/052743", "correlationVector":"Y1zkYZ6hTgutitiHS3Tn6i.48","action":"GetUpdates", "result":"DeleteReceived", "context":{"id":"023ad513-8898-469a-af7b-5fb4953c1b4e", "isDeleted:":"true", "version":"1673928141677"}}
{"logTime": "0124/052743", "correlationVector":"Y1zkYZ6hTgutitiHS3Tn6i.49","action":"GetUpdates", "result":"DeleteReceived", "context":{"id":"2187de91-acc5-42be-acea-ef657086a0b9", "isDeleted:":"true", "version":"1673928141678"}}
{"logTime": "0124/052743", "correlationVector":"Y1zkYZ6hTgutitiHS3Tn6i.50","action":"GetUpdates", "result":"DeleteReceived", "context":{"id":"480d54b2-56c5-4d41-a716-3bbcda6420b7", "isDeleted:":"true", "version":"1673928141679"}}
{"logTime": "0124/052743", "correlationVector":"Y1zkYZ6hTgutitiHS3Tn6i.51","action":"GetUpdates", "result":"DeleteReceived", "context":{"id":"773109ad-fa5e-40db-9607-61b327dc6271", "isDeleted:":"true", "version":"1673928141684"}}
{"logTime": "0124/052743", "correlationVector":"Y1zkYZ6hTgutitiHS3Tn6i.52","action":"GetUpdates", "result":"DeleteReceived", "context":{"id":"e46b23fc-079b-4281-a99f-913407202a7c", "isDeleted:":"true", "version":"1673928144286"}}
{"logTime": "0124/052743", "correlationVector":"Y1zkYZ6hTgutitiHS3Tn6i.53","action":"GetUpdates", "result":"DeleteReceived", "context":{"id":"8165f2b8-ff33-4e5a-888f-fb3471aee692", "isDeleted:":"true", "version":"1673928144288"}}
{"logTime": "0124/052743", "correlationVector":"Y1zkYZ6hTgutitiHS3Tn6i.54","action":"GetUpdates", "result":"DeleteReceived", "context":{"id":"c0045fd1-dc80-4bfe-a15e-0480935e5f4e", "isDeleted:":"true", "version":"1673928144291"}}
{"logTime": "0124/052743", "correlationVector":"Y1zkYZ6hTgutitiHS3Tn6i.55","action":"GetUpdates", "result":"DeleteReceived", "context":{"id":"628e1a0e-487d-431d-a12b-2f1fd4847971", "isDeleted:":"true", "version":"1673928144297"}}
{"logTime": "0124/052743", "correlationVector":"Y1zkYZ6hTgutitiHS3Tn6i.56","action":"GetUpdates", "result":"DeleteReceived", "context":{"id":"bff54f86-c50d-46dd-be6f-5e3b6f8ce91a", "isDeleted:":"true", "version":"1673928144298"}}
{"logTime": "0124/052743", "correlationVector":"Y1zkYZ6hTgutitiHS3Tn6i.57","action":"GetUpdates", "result":"DeleteReceived", "context":{"id":"1122da8a-9c55-4bef-ba1a-8c808d2f6fd1", "isDeleted:":"true", "version":"1673928146898"}}
{"logTime": "0124/052743", "correlationVector":"Y1zkYZ6hTgutitiHS3Tn6i.58","action":"GetUpdates", "result":"DeleteReceived", "context":{"id":"fdce3b0c-01d4-4f2e-96e2-234897d589ca", "isDeleted:":"true", "version":"1673928146900"}}
{"logTime": "0124/052743", "correlationVector":"Y1zkYZ6hTgutitiHS3Tn6i.59","action":"GetUpdates", "result":"DeleteReceived", "context":{"id":"64b025b3-cc5c-4da2-b1f0-bf536e1b56ef", "isDeleted:":"true", "version":"1673928146902"}}
{"logTime": "0124/052743", "correlationVector":"Y1zkYZ6hTgutitiHS3Tn6i.60","action":"GetUpdates", "result":"DeleteReceived", "context":{"id":"09d748ad-66c0-48aa-b46d-da74ddb4a61e", "isDeleted:":"true", "version":"1673928146903"}}
{"logTime": "0124/052743", "correlationVector":"Y1zkYZ6hTgutitiHS3Tn6i.61","action":"GetUpdates", "result":"DeleteReceived", "context":{"id":"c7ed6bb3-269b-44f8-a507-e78b2e69a0ad", "isDeleted:":"true", "version":"1673928146904"}}
{"logTime": "0124/052743", "correlationVector":"Y1zkYZ6hTgutitiHS3Tn6i.62","action":"GetUpdates", "result":"DeleteReceived", "context":{"id":"f85f3380-f2aa-4488-bc3f-bfb9ab6cb951", "isDeleted:":"true", "version":"1673928146905"}}
{"logTime": "0124/052743", "correlationVector":"Y1zkYZ6hTgutitiHS3Tn6i.63","action":"GetUpdates", "result":"DeleteReceived", "context":{"id":"91ab7afc-80ea-4f95-aff3-494ac97dc6a6", "isDeleted:":"true", "version":"1673928146908"}}
{"logTime": "0124/052743", "correlationVector":"Y1zkYZ6hTgutitiHS3Tn6i.64","action":"GetUpdates", "result":"DeleteReceived", "context":{"id":"ed5ce736-c0f8-479e-90a3-101a844bb6c2", "isDeleted:":"true", "version":"1673928146909"}}
{"logTime": "0124/052743", "correlationVector":"Y1zkYZ6hTgutitiHS3Tn6i.65","action":"GetUpdates", "result":"DeleteReceived", "context":{"id":"a9d24e9f-7e05-482c-8d0f-02c7577fa3a5", "isDeleted:":"true", "version":"1673928149385"}}
{"logTime": "0124/052743", "correlationVector":"Y1zkYZ6hTgutitiHS3Tn6i.66","action":"GetUpdates", "result":"DeleteReceived", "context":{"id":"c73baca9-ce32-4432-8758-42cee8fd4018", "isDeleted:":"true", "version":"1673928149386"}}
{"logTime": "0124/052743", "correlationVector":"Y1zkYZ6hTgutitiHS3Tn6i.67","action":"GetUpdates", "result":"DeleteReceived", "context":{"id":"16d6f57c-28f3-4dd7-b5b7-e377a457cd4c", "isDeleted:":"true", "version":"1673928149392"}}
{"logTime": "0124/052743", "correlationVector":"Y1zkYZ6hTgutitiHS3Tn6i.68","action":"GetUpdates", "result":"DeleteReceived", "context":{"id":"1655ffd4-c544-40b9-9796-39186e4f755c", "isDeleted:":"true", "version":"1673928149396"}}
{"logTime": "0124/052743", "correlationVector":"Y1zkYZ6hTgutitiHS3Tn6i.69","action":"GetUpdates", "result":"DeleteReceived", "context":{"id":"e7c0cbaa-0484-405b-b5b2-25c74e960b6a", "isDeleted:":"true", "version":"1673928149397"}}
{"logTime": "0124/052743", "correlationVector":"Y1zkYZ6hTgutitiHS3Tn6i.70","action":"GetUpdates", "result":"DeleteReceived", "context":{"id":"8eb6fd8a-10c0-44a5-b511-2421a8e61f7f", "isDeleted:":"true", "version":"1673928149398"}}
{"logTime": "0124/052743", "correlationVector":"Y1zkYZ6hTgutitiHS3Tn6i.71","action":"GetUpdates", "result":"DeleteReceived", "context":{"id":"83be10ec-b924-46b4-ac1f-790433d90a2e", "isDeleted:":"true", "version":"1673928149403"}}
{"logTime": "0124/052743", "correlationVector":"Y1zkYZ6hTgutitiHS3Tn6i.72","action":"GetUpdates", "result":"DeleteReceived", "context":{"id":"3f99b409-a247-48ec-8980-91763d9820bb", "isDeleted:":"true", "version":"1673928149404"}}
{"logTime": "0124/052743", "correlationVector":"Y1zkYZ6hTgutitiHS3Tn6i.73","action":"GetUpdates", "result":"DeleteReceived", "context":{"id":"57d15499-5e7a-446d-bb59-0881ada51ae9", "isDeleted:":"true", "version":"1673928151982"}}
{"logTime": "0124/052743", "correlationVector":"Y1zkYZ6hTgutitiHS3Tn6i.74","action":"GetUpdates", "result":"DeleteReceived", "context":{"id":"69428a05-0c49-4e22-9671-e924ef723ac2", "isDeleted:":"true", "version":"1673928151983"}}
{"logTime": "0124/052743", "correlationVector":"Y1zkYZ6hTgutitiHS3Tn6i.75","action":"GetUpdates", "result":"DeleteReceived", "context":{"id":"6a5bc36a-8cc2-46b6-873e-c7728116d823", "isDeleted:":"true", "version":"1673928151987"}}
{"logTime": "0124/052743", "correlationVector":"Y1zkYZ6hTgutitiHS3Tn6i.76","action":"GetUpdates", "result":"DeleteReceived", "context":{"id":"31d1d039-454a-4e98-b17d-ba0259fb74f1", "isDeleted:":"true", "version":"1673928151988"}}
{"logTime": "0124/052743", "correlationVector":"Y1zkYZ6hTgutitiHS3Tn6i.77","action":"GetUpdates Response", "result":"SERVER_MORE_TO_DOWNLOAD", "context":Received 249 update(s).  Some updates remain.}
{"logTime": "0124/052743", "correlationVector":"KMNTr8zugqeXa0r8YR1xVP","action":"Initial GetUpdates", "result":"", "context":Reason: NEWLY_SUPPORTED_DATATYPE. cV=KMNTr8zugqeXa0r8YR1xVP}
{"logTime": "0124/052744", "correlationVector":"KMNTr8zugqeXa0r8YR1xVP.1","action":"SyncServerConnectionManagerRequest", "result":"SYNC_SERVER_OK", "context":{"environment":"Prod_AustraliaEast_0009", "server":"GENERAL01000009"}}
{"logTime": "0124/052744", "correlationVector":"KMNTr8zugqeXa0r8YR1xVP.2","action":"GetUpdates", "result":"DeleteReceived", "context":{"id":"b440a8b1-c9de-4cf6-bbdd-7e4664218abb", "isDeleted:":"true", "version":"1673928151991"}}
{"logTime": "0124/052744", "correlationVector":"KMNTr8zugqeXa0r8YR1xVP.3","action":"GetUpdates", "result":"DeleteReceived", "context":{"id":"546a4fca-bad6-43ed-bb4c-44d71a431794", "isDeleted:":"true", "version":"1673928151992"}}
{"logTime": "0124/052744", "correlationVector":"KMNTr8zugqeXa0r8YR1xVP.4","action":"GetUpdates", "result":"DeleteReceived", "context":{"id":"f31570f8-5864-4d7a-a755-938d114ea20b", "isDeleted:":"true", "version":"1673928151993"}}
{"logTime": "0124/052744", "correlationVector":"KMNTr8zugqeXa0r8YR1xVP.5","action":"GetUpdates", "result":"DeleteReceived", "context":{"id":"6b10690c-1500-4247-b223-a5fb5b032edd", "isDeleted:":"true", "version":"1673928151996"}}
{"logTime": "0124/052744", "correlationVector":"KMNTr8zugqeXa0r8YR1xVP.6","action":"GetUpdates", "result":"DeleteReceived", "context":{"id":"60701df7-fcea-4c0e-a6f4-3aaca324fd2f", "isDeleted:":"true", "version":"1673928151998"}}
{"logTime": "0124/052744", "correlationVector":"KMNTr8zugqeXa0r8YR1xVP.7","action":"GetUpdates", "result":"DeleteReceived", "context":{"id":"5ffe730f-177c-4eb4-9fcc-6b4ae4930724", "isDeleted:":"true", "version":"1673928154476"}}
{"logTime": "0124/052744", "correlationVector":"KMNTr8zugqeXa0r8YR1xVP.8","action":"GetUpdates", "result":"DeleteReceived", "context":{"id":"cfccd6ee-11e3-40dc-91c2-f97b922b42cf", "isDeleted:":"true", "version":"1673928154478"}}
{"logTime": "0124/052744", "correlationVector":"KMNTr8zugqeXa0r8YR1xVP.9","action":"GetUpdates", "result":"DeleteReceived", "context":{"id":"2cbce45d-314a-4210-955f-13a80f83f35d", "isDeleted:":"true", "version":"1673928154481"}}
{"logTime": "0124/052744", "correlationVector":"KMNTr8zugqeXa0r8YR1xVP.10","action":"GetUpdates", "result":"DeleteReceived", "context":{"id":"a8038a7c-29d1-4813-9710-298dc897b4f4", "isDeleted:":"true", "version":"1673928154482"}}
{"logTime": "0124/052744", "correlationVector":"KMNTr8zugqeXa0r8YR1xVP.11","action":"GetUpdates", "result":"DeleteReceived", "context":{"id":"da147f00-b0ab-4c98-9e74-34407ce5e23b", "isDeleted:":"true", "version":"1673928154486"}}
{"logTime": "0124/052744", "correlationVector":"KMNTr8zugqeXa0r8YR1xVP.12","action":"GetUpdates", "result":"DeleteReceived", "context":{"id":"9c6b2873-c738-4125-9635-777727be9439", "isDeleted:":"true", "version":"1673928154487"}}
{"logTime": "0124/052744", "correlationVector":"KMNTr8zugqeXa0r8YR1xVP.13","action":"GetUpdates", "result":"DeleteReceived", "context":{"id":"29e3a647-d355-4010-ad9c-75d86fafd559", "isDeleted:":"true", "version":"1673928154488"}}
{"logTime": "0124/052744", "correlationVector":"KMNTr8zugqeXa0r8YR1xVP.14","action":"GetUpdates", "result":"DeleteReceived", "context":{"id":"dcde3d57-36f4-4b9b-98b9-3c6d754288e6", "isDeleted:":"true", "version":"1673928154489"}}
{"logTime": "0124/052744", "correlationVector":"KMNTr8zugqeXa0r8YR1xVP.15","action":"GetUpdates", "result":"DeleteReceived", "context":{"id":"43a64a48-3153-4127-9017-e3a90ae5f918", "isDeleted:":"true", "version":"1673928154490"}}
{"logTime": "0124/052744", "correlationVector":"KMNTr8zugqeXa0r8YR1xVP.16","action":"GetUpdates", "result":"DeleteReceived", "context":{"id":"46e0750c-6720-4608-8855-c009c234b05a", "isDeleted:":"true", "version":"1673928154492"}}
{"logTime": "0124/052744", "correlationVector":"KMNTr8zugqeXa0r8YR1xVP.17","action":"GetUpdates", "result":"DeleteReceived", "context":{"id":"c8f18b83-2024-4d65-a895-77ba28af7817", "isDeleted:":"true", "version":"1673928157749"}}
{"logTime": "0124/052744", "correlationVector":"KMNTr8zugqeXa0r8YR1xVP.18","action":"GetUpdates", "result":"DeleteReceived", "context":{"id":"70e67396-9ec1-4b66-8c36-7eb531767f72", "isDeleted:":"true", "version":"1673928157751"}}
{"logTime": "0124/052744", "correlationVector":"KMNTr8zugqeXa0r8YR1xVP.19","action":"GetUpdates", "result":"DeleteReceived", "context":{"id":"19cc6a49-470a-4666-803a-f2853df4f320", "isDeleted:":"true", "version":"1673928157754"}}
{"logTime": "0124/052744", "correlationVector":"KMNTr8zugqeXa0r8YR1xVP.20","action":"GetUpdates", "result":"DeleteReceived", "context":{"id":"725bede5-ed49-4463-aa67-cfc374fbc304", "isDeleted:":"true", "version":"1673928157755"}}
{"logTime": "0124/052744", "correlationVector":"KMNTr8zugqeXa0r8YR1xVP.21","action":"GetUpdates", "result":"DeleteReceived", "context":{"id":"53e99788-969a-4c62-9abf-1e6b112fb4d6", "isDeleted:":"true", "version":"1673928157760"}}
{"logTime": "0124/052744", "correlationVector":"KMNTr8zugqeXa0r8YR1xVP.22","action":"GetUpdates", "result":"DeleteReceived", "context":{"id":"5ea8705f-8788-4bbb-bfef-72c7e193ec09", "isDeleted:":"true", "version":"1673928157762"}}
{"logTime": "0124/052744", "correlationVector":"KMNTr8zugqeXa0r8YR1xVP.23","action":"GetUpdates", "result":"DeleteReceived", "context":{"id":"41abac61-9c82-40fd-87e1-ad62105ff2aa", "isDeleted:":"true", "version":"1673928157764"}}
{"logTime": "0124/052744", "correlationVector":"KMNTr8zugqeXa0r8YR1xVP.24","action":"GetUpdates", "result":"DeleteReceived", "context":{"id":"1c3561bd-fbf2-425f-a2f5-e62880b2143b", "isDeleted:":"true", "version":"1673928157765"}}
{"logTime": "0124/052744", "correlationVector":"KMNTr8zugqeXa0r8YR1xVP.25","action":"GetUpdates", "result":"DeleteReceived", "context":{"id":"bb3250d9-78b8-429b-843b-c2510d15ee91", "isDeleted:":"true", "version":"1673928160244"}}
{"logTime": "0124/052744", "correlationVector":"KMNTr8zugqeXa0r8YR1xVP.26","action":"GetUpdates", "result":"DeleteReceived", "context":{"id":"1de74a98-cb82-40e9-ac64-5dfb3971a345", "isDeleted:":"true", "version":"1673928160246"}}
{"logTime": "0124/052744", "correlationVector":"KMNTr8zugqeXa0r8YR1xVP.27","action":"GetUpdates", "result":"DeleteReceived", "context":{"id":"befe2002-dcec-4783-9c96-8fc89fc5f915", "isDeleted:":"true", "version":"1673928160247"}}
{"logTime": "0124/052744", "correlationVector":"KMNTr8zugqeXa0r8YR1xVP.28","action":"GetUpdates", "result":"DeleteReceived", "context":{"id":"1fc3b51b-e582-4833-a4e7-f2436cb25121", "isDeleted:":"true", "version":"1673928160250"}}
{"logTime": "0124/052744", "correlationVector":"KMNTr8zugqeXa0r8YR1xVP.29","action":"GetUpdates", "result":"DeleteReceived", "context":{"id":"33ef7433-9870-460f-bb3a-d7c056f126a9", "isDeleted:":"true", "version":"1673928160252"}}
{"logTime": "0124/052744", "correlationVector":"KMNTr8zugqeXa0r8YR1xVP.30","action":"GetUpdates", "result":"DeleteReceived", "context":{"id":"e53ed33f-965c-4bab-b653-4488f963180d", "isDeleted:":"true", "version":"1673928160253"}}
{"logTime": "0124/052744", "correlationVector":"KMNTr8zugqeXa0r8YR1xVP.31","action":"GetUpdates", "result":"DeleteReceived", "context":{"id":"6ac752cf-0abb-49e6-9626-3ba5c3687d71", "isDeleted:":"true", "version":"1673928160256"}}
{"logTime": "0124/052744", "correlationVector":"KMNTr8zugqeXa0r8YR1xVP.32","action":"GetUpdates", "result":"DeleteReceived", "context":{"id":"db618969-208c-476b-a6cd-3890fc2e49d2", "isDeleted:":"true", "version":"1673928160258"}}
{"logTime": "0124/052744", "correlationVector":"KMNTr8zugqeXa0r8YR1xVP.33","action":"GetUpdates", "result":"DeleteReceived", "context":{"id":"95de8d80-3468-46ca-8d13-76700d847515", "isDeleted:":"true", "version":"1673928160261"}}
{"logTime": "0124/052744", "correlationVector":"KMNTr8zugqeXa0r8YR1xVP.34","action":"GetUpdates", "result":"DeleteReceived", "context":{"id":"9beb076d-88d7-4fed-9afe-a4391607237c", "isDeleted:":"true", "version":"1673928160262"}}
{"logTime": "0124/052744", "correlationVector":"KMNTr8zugqeXa0r8YR1xVP.35","action":"GetUpdates", "result":"DeleteReceived", "context":{"id":"90b08eb7-d5f1-472c-b8d4-2188bb99ab99", "isDeleted:":"true", "version":"1673928163248"}}
{"logTime": "0124/052744", "correlationVector":"KMNTr8zugqeXa0r8YR1xVP.36","action":"GetUpdates", "result":"DeleteReceived", "context":{"id":"d30bbbb3-a7e6-4512-93b0-cd285c717118", "isDeleted:":"true", "version":"1673928163251"}}
{"logTime": "0124/052744", "correlationVector":"KMNTr8zugqeXa0r8YR1xVP.37","action":"GetUpdates", "result":"DeleteReceived", "context":{"id":"49825c34-7c27-4ee3-b6e7-24c72f3b02a7", "isDeleted:":"true", "version":"1673928163254"}}
{"logTime": "0124/052744", "correlationVector":"KMNTr8zugqeXa0r8YR1xVP.38","action":"GetUpdates", "result":"DeleteReceived", "context":{"id":"218dc989-be8b-48f8-821a-ac1436e76792", "isDeleted:":"true", "version":"1673928163257"}}
{"logTime": "0124/052744", "correlationVector":"KMNTr8zugqeXa0r8YR1xVP.39","action":"GetUpdates", "result":"DeleteReceived", "context":{"id":"677b831c-0bcd-44e1-85ed-b26ac7c9149e", "isDeleted:":"true", "version":"1673928163262"}}
{"logTime": "0124/052744", "correlationVector":"KMNTr8zugqeXa0r8YR1xVP.40","action":"GetUpdates", "result":"DeleteReceived", "context":{"id":"df399d4e-6205-4731-90df-96b24698a58c", "isDeleted:":"true", "version":"1673928163264"}}
{"logTime": "0124/052744", "correlationVector":"KMNTr8zugqeXa0r8YR1xVP.41","action":"GetUpdates", "result":"DeleteReceived", "context":{"id":"5e4203ed-3d92-4fa2-b999-0082d92f1fac", "isDeleted:":"true", "version":"1673928165726"}}
{"logTime": "0124/052744", "correlationVector":"KMNTr8zugqeXa0r8YR1xVP.42","action":"GetUpdates", "result":"DeleteReceived", "context":{"id":"59102aa9-5750-4da3-8943-e48b1f3c611d", "isDeleted:":"true", "version":"1673928165727"}}
{"logTime": "0124/052744", "correlationVector":"KMNTr8zugqeXa0r8YR1xVP.43","action":"GetUpdates", "result":"DeleteReceived", "context":{"id":"b6ebe8e3-9da7-4f56-b74e-645677860416", "isDeleted:":"true", "version":"1673928165728"}}
{"logTime": "0124/052744", "correlationVector":"KMNTr8zugqeXa0r8YR1xVP.44","action":"GetUpdates", "result":"DeleteReceived", "context":{"id":"bc9f1d55-9390-40b8-88a4-1fe4bb00d089", "isDeleted:":"true", "version":"1673928165735"}}
{"logTime": "0124/052744", "correlationVector":"KMNTr8zugqeXa0r8YR1xVP.45","action":"GetUpdates", "result":"DeleteReceived", "context":{"id":"45e36268-0dd7-4cf7-aec6-990aa47a003d", "isDeleted:":"true", "version":"1673928165740"}}
{"logTime": "0124/052744", "correlationVector":"KMNTr8zugqeXa0r8YR1xVP.46","action":"GetUpdates", "result":"DeleteReceived", "context":{"id":"95ced694-214b-4a8a-b087-768d17cbf8c8", "isDeleted:":"true", "version":"1673928165741"}}
{"logTime": "0124/052744", "correlationVector":"KMNTr8zugqeXa0r8YR1xVP.47","action":"GetUpdates", "result":"DeleteReceived", "context":{"id":"abccfffc-8861-4aea-b5d8-9638ff573651", "isDeleted:":"true", "version":"1673928165745"}}
{"logTime": "0124/052744", "correlationVector":"KMNTr8zugqeXa0r8YR1xVP.48","action":"GetUpdates", "result":"DeleteReceived", "context":{"id":"188e7a57-82a3-40ef-8804-93244b6898f1", "isDeleted:":"true", "version":"1673928168411"}}
{"logTime": "0124/052744", "correlationVector":"KMNTr8zugqeXa0r8YR1xVP.49","action":"GetUpdates", "result":"DeleteReceived", "context":{"id":"eeacf944-2799-4f51-8962-24eb4960c436", "isDeleted:":"true", "version":"1673928168413"}}
{"logTime": "0124/052744", "correlationVector":"KMNTr8zugqeXa0r8YR1xVP.50","action":"GetUpdates", "result":"DeleteReceived", "context":{"id":"e0372715-5ee2-47da-ae4e-afb15273f696", "isDeleted:":"true", "version":"1673928168414"}}
{"logTime": "0124/052744", "correlationVector":"KMNTr8zugqeXa0r8YR1xVP.51","action":"GetUpdates", "result":"DeleteReceived", "context":{"id":"5653e49a-9880-49f7-9552-db5a007279cb", "isDeleted:":"true", "version":"1673928168415"}}
{"logTime": "0124/052744", "correlationVector":"KMNTr8zugqeXa0r8YR1xVP.52","action":"GetUpdates", "result":"DeleteReceived", "context":{"id":"bea837ea-b6af-4008-92c9-979337bc9a46", "isDeleted:":"true", "version":"1673928168418"}}
{"logTime": "0124/052744", "correlationVector":"KMNTr8zugqeXa0r8YR1xVP.53","action":"GetUpdates", "result":"DeleteReceived", "context":{"id":"84632282-c1c9-4b54-9149-4d0093a10d52", "isDeleted:":"true", "version":"1673928168419"}}
{"logTime": "0124/052744", "correlationVector":"KMNTr8zugqeXa0r8YR1xVP.54","action":"GetUpdates", "result":"DeleteReceived", "context":{"id":"e37b67d5-5893-4e61-ac10-e37e8c50e3af", "isDeleted:":"true", "version":"1673928168423"}}
{"logTime": "0124/052744", "correlationVector":"KMNTr8zugqeXa0r8YR1xVP.55","action":"GetUpdates", "result":"DeleteReceived", "context":{"id":"be86324b-a97f-47e9-aba7-6e56971c8487", "isDeleted:":"true", "version":"1673928171027"}}
{"logTime": "0124/052744", "correlationVector":"KMNTr8zugqeXa0r8YR1xVP.56","action":"GetUpdates", "result":"DeleteReceived", "context":{"id":"0e129828-67f9-43ae-8316-d58e1c8c6479", "isDeleted:":"true", "version":"1673928171028"}}
{"logTime": "0124/052744", "correlationVector":"KMNTr8zugqeXa0r8YR1xVP.57","action":"GetUpdates", "result":"DeleteReceived", "context":{"id":"a64afe4f-5e70-4ea9-be0b-57190a84bfdc", "isDeleted:":"true", "version":"1673928171032"}}
{"logTime": "0124/052744", "correlationVector":"KMNTr8zugqeXa0r8YR1xVP.58","action":"GetUpdates", "result":"DeleteReceived", "context":{"id":"f1dd4931-483d-457c-973d-81730c8e93f2", "isDeleted:":"true", "version":"1673928171033"}}
{"logTime": "0124/052744", "correlationVector":"KMNTr8zugqeXa0r8YR1xVP.59","action":"GetUpdates", "result":"DeleteReceived", "context":{"id":"cb91c4d2-03ad-4b70-a2a4-31e7bab236a6", "isDeleted:":"true", "version":"1673928171035"}}
{"logTime": "0124/052744", "correlationVector":"KMNTr8zugqeXa0r8YR1xVP.60","action":"GetUpdates", "result":"DeleteReceived", "context":{"id":"00050b31-6c82-4809-a05a-605b623c3f00", "isDeleted:":"true", "version":"1673928171036"}}
{"logTime": "0124/052744", "correlationVector":"KMNTr8zugqeXa0r8YR1xVP.61","action":"GetUpdates", "result":"DeleteReceived", "context":{"id":"acb66345-3df9-48c0-94f7-9decf7c7a128", "isDeleted:":"true", "version":"1673928171044"}}
{"logTime": "0124/052744", "correlationVector":"KMNTr8zugqeXa0r8YR1xVP.62","action":"GetUpdates", "result":"DeleteReceived", "context":{"id":"fc1d32a1-172f-4ca7-bcb6-b03265861048", "isDeleted:":"true", "version":"1673928171045"}}
{"logTime": "0124/052744", "correlationVector":"KMNTr8zugqeXa0r8YR1xVP.63","action":"GetUpdates", "result":"DeleteReceived", "context":{"id":"bd7c443c-dcbe-4a2e-a40b-77df40a27091", "isDeleted:":"true", "version":"1673928171046"}}
{"logTime": "0124/052744", "correlationVector":"KMNTr8zugqeXa0r8YR1xVP.64","action":"GetUpdates", "result":"DeleteReceived", "context":{"id":"2a961e4a-9567-4e95-911b-89a54f0a5eeb", "isDeleted:":"true", "version":"1673928173525"}}
{"logTime": "0124/052744", "correlationVector":"KMNTr8zugqeXa0r8YR1xVP.65","action":"GetUpdates", "result":"DeleteReceived", "context":{"id":"e9087370-b956-4cc2-bca9-5aac5da65f77", "isDeleted:":"true", "version":"1673928173527"}}
{"logTime": "0124/052744", "correlationVector":"KMNTr8zugqeXa0r8YR1xVP.66","action":"GetUpdates", "result":"DeleteReceived", "context":{"id":"235626a2-1876-45cf-9e14-17f089b3bcfd", "isDeleted:":"true", "version":"1673928173530"}}
{"logTime": "0124/052744", "correlationVector":"KMNTr8zugqeXa0r8YR1xVP.67","action":"GetUpdates", "result":"DeleteReceived", "context":{"id":"cdfcd666-b214-45b9-b93f-bd9039605065", "isDeleted:":"true", "version":"1673928173532"}}
{"logTime": "0124/052744", "correlationVector":"KMNTr8zugqeXa0r8YR1xVP.68","action":"GetUpdates", "result":"DeleteReceived", "context":{"id":"5dab817d-d591-45c7-b9d0-d79d7afb29f6", "isDeleted:":"true", "version":"1673928173534"}}
{"logTime": "0124/052744", "correlationVector":"KMNTr8zugqeXa0r8YR1xVP.69","action":"GetUpdates", "result":"DeleteReceived", "context":{"id":"5058314a-2c38-4ce9-a0a4-0bff437e7c68", "isDeleted:":"true", "version":"1673928173535"}}
{"logTime": "0124/052744", "correlationVector":"KMNTr8zugqeXa0r8YR1xVP.70","action":"GetUpdates", "result":"DeleteReceived", "context":{"id":"28c5252b-5017-4860-8e85-6f1a2adc7e43", "isDeleted:":"true", "version":"1673928173538"}}
{"logTime": "0124/052744", "correlationVector":"KMNTr8zugqeXa0r8YR1xVP.71","action":"GetUpdates", "result":"DeleteReceived", "context":{"id":"3e507d9e-d4d6-4c3a-bd77-6d2481dc71cc", "isDeleted:":"true", "version":"1673928173539"}}
{"logTime": "0124/052744", "correlationVector":"KMNTr8zugqeXa0r8YR1xVP.72","action":"GetUpdates", "result":"DeleteReceived", "context":{"id":"fe8eed74-5a23-4030-a17f-c51d3f274822", "isDeleted:":"true", "version":"1673928173541"}}
{"logTime": "0124/052744", "correlationVector":"KMNTr8zugqeXa0r8YR1xVP.73","action":"GetUpdates", "result":"DeleteReceived", "context":{"id":"5bbbf098-7e37-4b45-9a50-125cbf67286e", "isDeleted:":"true", "version":"1673928176118"}}
{"logTime": "0124/052744", "correlationVector":"KMNTr8zugqeXa0r8YR1xVP.74","action":"GetUpdates", "result":"DeleteReceived", "context":{"id":"7c427fdf-f1fa-42c1-8570-8f61d35be563", "isDeleted:":"true", "version":"1673928176120"}}
{"logTime": "0124/052744", "correlationVector":"KMNTr8zugqeXa0r8YR1xVP.75","action":"GetUpdates", "result":"DeleteReceived", "context":{"id":"8f7700aa-93b4-4972-b63e-bf11044492e3", "isDeleted:":"true", "version":"1673928176122"}}
{"logTime": "0124/052744", "correlationVector":"KMNTr8zugqeXa0r8YR1xVP.76","action":"GetUpdates", "result":"DeleteReceived", "context":{"id":"52c2ac1a-242b-4735-b9a9-10942a358a58", "isDeleted:":"true", "version":"1673928176124"}}
{"logTime": "0124/052744", "correlationVector":"KMNTr8zugqeXa0r8YR1xVP.77","action":"GetUpdates", "result":"DeleteReceived", "context":{"id":"2e5d5962-db7e-4cd1-8af3-334f0d5a5364", "isDeleted:":"true", "version":"1673928176130"}}
{"logTime": "0124/052744", "correlationVector":"KMNTr8zugqeXa0r8YR1xVP.78","action":"GetUpdates", "result":"DeleteReceived", "context":{"id":"29f8bcec-8158-4a21-bdca-6f264f376fdf", "isDeleted:":"true", "version":"1673928176136"}}
{"logTime": "0124/052744", "correlationVector":"KMNTr8zugqeXa0r8YR1xVP.79","action":"GetUpdates", "result":"DeleteReceived", "context":{"id":"e10745d4-9fb9-4f42-b20f-3290268f5e87", "isDeleted:":"true", "version":"1673928178781"}}
{"logTime": "0124/052744", "correlationVector":"KMNTr8zugqeXa0r8YR1xVP.80","action":"GetUpdates", "result":"DeleteReceived", "context":{"id":"bf9d47f4-1604-4c01-904b-0bd4619ff6af", "isDeleted:":"true", "version":"1673928178784"}}
{"logTime": "0124/052744", "correlationVector":"KMNTr8zugqeXa0r8YR1xVP.81","action":"GetUpdates", "result":"DeleteReceived", "context":{"id":"bdce7f57-a32f-4903-9052-d3a3d7420fbe", "isDeleted:":"true", "version":"1673928178788"}}
{"logTime": "0124/052744", "correlationVector":"KMNTr8zugqeXa0r8YR1xVP.82","action":"GetUpdates", "result":"DeleteReceived", "context":{"id":"5e1f2661-9087-4fef-9ec4-9cccaeca8f4e", "isDeleted:":"true", "version":"1673928178794"}}
{"logTime": "0124/052744", "correlationVector":"KMNTr8zugqeXa0r8YR1xVP.83","action":"GetUpdates", "result":"DeleteReceived", "context":{"id":"0944f5cd-1b46-40e2-a1e2-d1797acc26bb", "isDeleted:":"true", "version":"1673928178798"}}
{"logTime": "0124/052744", "correlationVector":"KMNTr8zugqeXa0r8YR1xVP.84","action":"GetUpdates", "result":"DeleteReceived", "context":{"id":"cc8fe0b3-b916-44b8-8f3c-8b829097f020", "isDeleted:":"true", "version":"1673928181650"}}
{"logTime": "0124/052744", "correlationVector":"KMNTr8zugqeXa0r8YR1xVP.85","action":"GetUpdates", "result":"DeleteReceived", "context":{"id":"45755de8-8c85-4e15-a543-34f592b67b40", "isDeleted:":"true", "version":"1673928181651"}}
{"logTime": "0124/052744", "correlationVector":"KMNTr8zugqeXa0r8YR1xVP.86","action":"GetUpdates", "result":"DeleteReceived", "context":{"id":"a489e9e7-28ad-4f42-9116-c6d6cfb04d26", "isDeleted:":"true", "version":"1673928181652"}}
{"logTime": "0124/052744", "correlationVector":"KMNTr8zugqeXa0r8YR1xVP.87","action":"GetUpdates", "result":"DeleteReceived", "context":{"id":"a8e74f39-7e50-4e1d-973a-56aad10c456c", "isDeleted:":"true", "version":"1673928181657"}}
{"logTime": "0124/052744", "correlationVector":"KMNTr8zugqeXa0r8YR1xVP.88","action":"GetUpdates", "result":"DeleteReceived", "context":{"id":"6e587c78-42f1-48e3-a59e-8ff302db4a5e", "isDeleted:":"true", "version":"1673928181661"}}
{"logTime": "0124/052744", "correlationVector":"KMNTr8zugqeXa0r8YR1xVP.89","action":"GetUpdates", "result":"DeleteReceived", "context":{"id":"146f7c9f-e519-4340-8723-6fe894d70840", "isDeleted:":"true", "version":"1673928181663"}}
{"logTime": "0124/052744", "correlationVector":"KMNTr8zugqeXa0r8YR1xVP.90","action":"GetUpdates", "result":"DeleteReceived", "context":{"id":"83820b6d-82cd-47d5-8b0f-f853686503ff", "isDeleted:":"true", "version":"1673928181668"}}
{"logTime": "0124/052744", "correlationVector":"KMNTr8zugqeXa0r8YR1xVP.91","action":"GetUpdates", "result":"DeleteReceived", "context":{"id":"bdbe900f-b156-49bc-841a-7a176d6c6623", "isDeleted:":"true", "version":"1673928184142"}}
{"logTime": "0124/052744", "correlationVector":"KMNTr8zugqeXa0r8YR1xVP.92","action":"GetUpdates", "result":"DeleteReceived", "context":{"id":"700442e4-2096-45aa-b9e5-50e445729103", "isDeleted:":"true", "version":"1673928184144"}}
{"logTime": "0124/052744", "correlationVector":"KMNTr8zugqeXa0r8YR1xVP.93","action":"GetUpdates", "result":"DeleteReceived", "context":{"id":"1285e768-b04b-4e45-a3f3-8904320d72cf", "isDeleted:":"true", "version":"1673928184148"}}
{"logTime": "0124/052744", "correlationVector":"KMNTr8zugqeXa0r8YR1xVP.94","action":"GetUpdates", "result":"DeleteReceived", "context":{"id":"a4b18f52-b09c-4fa3-bc39-cc2c65e30e28", "isDeleted:":"true", "version":"1673928184151"}}
{"logTime": "0124/052744", "correlationVector":"KMNTr8zugqeXa0r8YR1xVP.95","action":"GetUpdates", "result":"DeleteReceived", "context":{"id":"a3c1161b-7b62-4fb8-b5a6-9693eb579517", "isDeleted:":"true", "version":"1673928184154"}}
{"logTime": "0124/052744", "correlationVector":"KMNTr8zugqeXa0r8YR1xVP.96","action":"GetUpdates", "result":"DeleteReceived", "context":{"id":"3909ce19-5cfe-4404-9896-dddf3100a62a", "isDeleted:":"true", "version":"1673928184155"}}
{"logTime": "0124/052744", "correlationVector":"KMNTr8zugqeXa0r8YR1xVP.97","action":"GetUpdates", "result":"DeleteReceived", "context":{"id":"fc79de26-397e-4109-92da-f35aab9531c9", "isDeleted:":"true", "version":"1673928184157"}}
{"logTime": "0124/052744", "correlationVector":"KMNTr8zugqeXa0r8YR1xVP.98","action":"GetUpdates", "result":"DeleteReceived", "context":{"id":"ab5a1589-f398-472c-9c58-5285d3261d79", "isDeleted:":"true", "version":"1673928186793"}}
{"logTime": "0124/052744", "correlationVector":"KMNTr8zugqeXa0r8YR1xVP.99","action":"GetUpdates Response", "result":"SERVER_MORE_TO_DOWNLOAD", "context":Received 250 update(s).  Some updates remain.}
{"logTime": "0124/052744", "correlationVector":"/XRkeZv6Z3bv1KcuUcrpAy","action":"Initial GetUpdates", "result":"", "context":Reason: NEWLY_SUPPORTED_DATATYPE. cV=/XRkeZv6Z3bv1KcuUcrpAy}
{"logTime": "0124/052744", "correlationVector":"/XRkeZv6Z3bv1KcuUcrpAy.1","action":"SyncServerConnectionManagerRequest", "result":"SYNC_SERVER_OK", "context":{"environment":"Prod_AustraliaEast_0009", "server":"GENERAL01000001"}}
{"logTime": "0124/052744", "correlationVector":"/XRkeZv6Z3bv1KcuUcrpAy.2","action":"GetUpdates", "result":"DeleteReceived", "context":{"id":"f7990607-d0f2-4048-ba15-069f1662b46a", "isDeleted:":"true", "version":"1673928186796"}}
{"logTime": "0124/052744", "correlationVector":"/XRkeZv6Z3bv1KcuUcrpAy.3","action":"GetUpdates", "result":"DeleteReceived", "context":{"id":"53b9f426-7ab0-4d07-813b-5ae989ca0456", "isDeleted:":"true", "version":"1673928186799"}}
{"logTime": "0124/052744", "correlationVector":"/XRkeZv6Z3bv1KcuUcrpAy.4","action":"GetUpdates", "result":"DeleteReceived", "context":{"id":"07638e10-080e-405d-a566-71a0a8ce1edb", "isDeleted:":"true", "version":"1673928186800"}}
{"logTime": "0124/052744", "correlationVector":"/XRkeZv6Z3bv1KcuUcrpAy.5","action":"GetUpdates", "result":"DeleteReceived", "context":{"id":"9995903e-1001-461a-97a8-fd5230e43c9e", "isDeleted:":"true", "version":"1673928186803"}}
{"logTime": "0124/052744", "correlationVector":"/XRkeZv6Z3bv1KcuUcrpAy.6","action":"GetUpdates", "result":"DeleteReceived", "context":{"id":"fae57eb9-da5d-4593-998b-efc1b3750e89", "isDeleted:":"true", "version":"1673928186810"}}
{"logTime": "0124/052744", "correlationVector":"/XRkeZv6Z3bv1KcuUcrpAy.7","action":"GetUpdates", "result":"DeleteReceived", "context":{"id":"2125841c-d00f-4e6d-8c42-b70354696c51", "isDeleted:":"true", "version":"1673928189907"}}
{"logTime": "0124/052744", "correlationVector":"/XRkeZv6Z3bv1KcuUcrpAy.8","action":"GetUpdates", "result":"DeleteReceived", "context":{"id":"8ccc7c6d-8f04-4999-a28e-07a00fd33d10", "isDeleted:":"true", "version":"1673928189908"}}
{"logTime": "0124/052744", "correlationVector":"/XRkeZv6Z3bv1KcuUcrpAy.9","action":"GetUpdates", "result":"DeleteReceived", "context":{"id":"07bc30b2-20b6-434e-bfb6-87be159b0514", "isDeleted:":"true", "version":"1673928189912"}}
{"logTime": "0124/052744", "correlationVector":"/XRkeZv6Z3bv1KcuUcrpAy.10","action":"GetUpdates", "result":"DeleteReceived", "context":{"id":"4728e4ce-45b3-401a-a337-5709e75a10b4", "isDeleted:":"true", "version":"1673928189914"}}
{"logTime": "0124/052744", "correlationVector":"/XRkeZv6Z3bv1KcuUcrpAy.11","action":"GetUpdates", "result":"DeleteReceived", "context":{"id":"c0752efa-eff8-435c-a4d4-ac78df7aa846", "isDeleted:":"true", "version":"1673928189917"}}
{"logTime": "0124/052744", "correlationVector":"/XRkeZv6Z3bv1KcuUcrpAy.12","action":"GetUpdates", "result":"DeleteReceived", "context":{"id":"184e439e-2092-45a8-b8e0-f70a0c09b357", "isDeleted:":"true", "version":"1673928189919"}}
{"logTime": "0124/052744", "correlationVector":"/XRkeZv6Z3bv1KcuUcrpAy.13","action":"GetUpdates", "result":"DeleteReceived", "context":{"id":"1af404d8-21f8-4652-8eb5-0c9f5e2e8f1d", "isDeleted:":"true", "version":"1673928189924"}}
{"logTime": "0124/052744", "correlationVector":"/XRkeZv6Z3bv1KcuUcrpAy.14","action":"GetUpdates", "result":"DeleteReceived", "context":{"id":"9a401af4-41cc-436d-8e79-ceb399e5f101", "isDeleted:":"true", "version":"1673928189926"}}
{"logTime": "0124/052744", "correlationVector":"/XRkeZv6Z3bv1KcuUcrpAy.15","action":"GetUpdates", "result":"DeleteReceived", "context":{"id":"c797bec4-9e9a-43b0-b458-dd647b1996f8", "isDeleted:":"true", "version":"1673928192657"}}
{"logTime": "0124/052744", "correlationVector":"/XRkeZv6Z3bv1KcuUcrpAy.16","action":"GetUpdates", "result":"DeleteReceived", "context":{"id":"dbd9988a-59f2-4512-a7a3-7d165d764f82", "isDeleted:":"true", "version":"1673928192658"}}
{"logTime": "0124/052744", "correlationVector":"/XRkeZv6Z3bv1KcuUcrpAy.17","action":"GetUpdates", "result":"DeleteReceived", "context":{"id":"7e71953c-8f13-46d3-b767-fa1419514d78", "isDeleted:":"true", "version":"1673928192659"}}
{"logTime": "0124/052744", "correlationVector":"/XRkeZv6Z3bv1KcuUcrpAy.18","action":"GetUpdates", "result":"DeleteReceived", "context":{"id":"3affff72-fbe0-4ca7-9057-4fb99a88701e", "isDeleted:":"true", "version":"1673928192660"}}
{"logTime": "0124/052744", "correlationVector":"/XRkeZv6Z3bv1KcuUcrpAy.19","action":"GetUpdates", "result":"DeleteReceived", "context":{"id":"8f4a74b3-0533-472b-8336-53b822c10ac0", "isDeleted:":"true", "version":"1673928192665"}}
{"logTime": "0124/052744", "correlationVector":"/XRkeZv6Z3bv1KcuUcrpAy.20","action":"GetUpdates", "result":"DeleteReceived", "context":{"id":"fb7e7b0d-5af0-4112-be4f-d02a2206d078", "isDeleted:":"true", "version":"1673928192667"}}
{"logTime": "0124/052744", "correlationVector":"/XRkeZv6Z3bv1KcuUcrpAy.21","action":"GetUpdates", "result":"DeleteReceived", "context":{"id":"8d428b0e-e349-4fc9-bb6a-2bb276be07de", "isDeleted:":"true", "version":"1673928192671"}}
{"logTime": "0124/052744", "correlationVector":"/XRkeZv6Z3bv1KcuUcrpAy.22","action":"GetUpdates", "result":"DeleteReceived", "context":{"id":"e784b153-3b47-422d-ad47-f86484734603", "isDeleted:":"true", "version":"1673928192672"}}
{"logTime": "0124/052744", "correlationVector":"/XRkeZv6Z3bv1KcuUcrpAy.23","action":"GetUpdates", "result":"DeleteReceived", "context":{"id":"4619824f-5cce-4341-9fa2-08812908f14d", "isDeleted:":"true", "version":"1673928195111"}}
{"logTime": "0124/052744", "correlationVector":"/XRkeZv6Z3bv1KcuUcrpAy.24","action":"GetUpdates", "result":"DeleteReceived", "context":{"id":"069b7e5d-1459-4081-8b4b-963299aabdde", "isDeleted:":"true", "version":"1673928195112"}}
{"logTime": "0124/052744", "correlationVector":"/XRkeZv6Z3bv1KcuUcrpAy.25","action":"GetUpdates", "result":"DeleteReceived", "context":{"id":"c31a0abd-76d4-4d43-8831-60631544bfc4", "isDeleted:":"true", "version":"1673928195115"}}
{"logTime": "0124/052744", "correlationVector":"/XRkeZv6Z3bv1KcuUcrpAy.26","action":"GetUpdates", "result":"DeleteReceived", "context":{"id":"991119a3-c01e-4b7a-8b3f-d319bbe251bc", "isDeleted:":"true", "version":"1673936631551"}}
{"logTime": "0124/052744", "correlationVector":"/XRkeZv6Z3bv1KcuUcrpAy.27","action":"GetUpdates Response", "result":"SYNCER_OK", "context":Received 85 update(s). cV=/XRkeZv6Z3bv1KcuUcrpAy.0;server=GENERAL01000001;cloudType=Consumer;environment=Prod_AustraliaEast_0009}
{"logTime": "0124/052744", "correlationVector":"p/MQ5likC+pLk2jxFLaOOO","action":"Normal GetUpdate request", "result":"", "context":cV=p/MQ5likC+pLk2jxFLaOOO
Nudged types: Typed URLs, Sessions, Device Info, User Consents
Refresh requested types: Bookmarks, Preferences, Passwords, Autofill, Autofill Custom Data, Typed URLs, Extensions, Sessions, Extension settings, History Delete Directives, Device Info, User Consents, Send Tab To Self, Collection, Encryption Keys}
{"logTime": "0124/052745", "correlationVector":"p/MQ5likC+pLk2jxFLaOOO.1","action":"SyncServerConnectionManagerRequest", "result":"SYNC_SERVER_OK", "context":{"environment":"Prod_AustraliaEast_0009", "server":"GENERAL01000003"}}
{"logTime": "0124/052745", "correlationVector":"p/MQ5likC+pLk2jxFLaOOO.2","action":"GetUpdates", "result":"DeleteReceived", "context":{"id":"eac9d153-04ef-49fa-b546-8bddbf51da70", "isDeleted:":"true", "version":"1670655493284"}}
{"logTime": "0124/052745", "correlationVector":"p/MQ5likC+pLk2jxFLaOOO.3","action":"GetUpdates", "result":"DeleteReceived", "context":{"id":"de7c95c5-eee7-416d-a6b9-4e54b373d1a3", "isDeleted:":"true", "version":"1670655493285"}}
{"logTime": "0124/052745", "correlationVector":"p/MQ5likC+pLk2jxFLaOOO.4","action":"GetUpdates", "result":"DeleteReceived", "context":{"id":"2feeec82-67e1-4790-afaa-64111d317a90", "isDeleted:":"true", "version":"1670709224895"}}
{"logTime": "0124/052745", "correlationVector":"p/MQ5likC+pLk2jxFLaOOO.5","action":"GetUpdates Response", "result":"SERVER_MORE_TO_DOWNLOAD", "context":Received 117 update(s).  Some updates remain.}
{"logTime": "0124/052745", "correlationVector":"HYB7UandYhwKdgieQQoFI8","action":"Normal GetUpdate request", "result":"", "context":cV=HYB7UandYhwKdgieQQoFI8
Nudged types: Typed URLs, Sessions, Device Info, User Consents
Refresh requested types: Bookmarks, Preferences, Passwords, Autofill, Autofill Custom Data, Typed URLs, Extensions, Sessions, Extension settings, History Delete Directives, Device Info, User Consents, Send Tab To Self, Collection, Encryption Keys}
{"logTime": "0124/052746", "correlationVector":"HYB7UandYhwKdgieQQoFI8.1","action":"SyncServerConnectionManagerRequest", "result":"SYNC_SERVER_OK", "context":{"environment":"Prod_AustraliaEast_0009", "server":"GENERAL01000002"}}
{"logTime": "0124/052746", "correlationVector":"HYB7UandYhwKdgieQQoFI8.2","action":"GetUpdates", "result":"DeleteReceived", "context":{"id":"0e9053ef-b324-4d9d-9df0-592fbff1cfb9", "isDeleted:":"true", "version":"1670743258437"}}
{"logTime": "0124/052746", "correlationVector":"HYB7UandYhwKdgieQQoFI8.3","action":"GetUpdates", "result":"DeleteReceived", "context":{"id":"e4c142c9-5422-4da7-a729-25c016c33f3c", "isDeleted:":"true", "version":"1670743390283"}}
{"logTime": "0124/052746", "correlationVector":"HYB7UandYhwKdgieQQoFI8.4","action":"GetUpdates", "result":"DeleteReceived", "context":{"id":"235a0904-f836-45bf-8ba9-876184cb4cae", "isDeleted:":"true", "version":"1670743452975"}}
{"logTime": "0124/052746", "correlationVector":"HYB7UandYhwKdgieQQoFI8.5","action":"GetUpdates", "result":"DeleteReceived", "context":{"id":"6984b5b5-7775-4401-ba72-ac66ee51b0ed", "isDeleted:":"true", "version":"1670743469016"}}
{"logTime": "0124/052746", "correlationVector":"HYB7UandYhwKdgieQQoFI8.6","action":"GetUpdates", "result":"DeleteReceived", "context":{"id":"0f6449a1-be28-47aa-8f8b-d6606fa3d60d", "isDeleted:":"true", "version":"1670743390284"}}
{"logTime": "0124/052746", "correlationVector":"HYB7UandYhwKdgieQQoFI8.7","action":"GetUpdates", "result":"DeleteReceived", "context":{"id":"a45e1b36-7085-4ba9-9947-74bc30f5229f", "isDeleted:":"true", "version":"1670743390285"}}
{"logTime": "0124/052746", "correlationVector":"HYB7UandYhwKdgieQQoFI8.8","action":"GetUpdates", "result":"DeleteReceived", "context":{"id":"67890769-2b89-413d-b1fa-071a97ec11cf", "isDeleted:":"true", "version":"1670743390286"}}
{"logTime": "0124/052746", "correlationVector":"HYB7UandYhwKdgieQQoFI8.9","action":"GetUpdates", "result":"DeleteReceived", "context":{"id":"4b127390-744e-41b1-907d-26f4dfcb9475", "isDeleted:":"true", "version":"1670743390287"}}
{"logTime": "0124/052746", "correlationVector":"HYB7UandYhwKdgieQQoFI8.10","action":"GetUpdates", "result":"DeleteReceived", "context":{"id":"a4cf37a4-cc05-48bc-9a17-78f89ee0930c", "isDeleted:":"true", "version":"1670743390288"}}
{"logTime": "0124/052746", "correlationVector":"HYB7UandYhwKdgieQQoFI8.11","action":"GetUpdates", "result":"DeleteReceived", "context":{"id":"96f90238-6326-40a8-9beb-fc1728451620", "isDeleted:":"true", "version":"1670743390289"}}
{"logTime": "0124/052746", "correlationVector":"HYB7UandYhwKdgieQQoFI8.12","action":"GetUpdates", "result":"DeleteReceived", "context":{"id":"ef426bfe-cac8-452f-9e19-b6fabe32996a", "isDeleted:":"true", "version":"1670743390290"}}
{"logTime": "0124/052746", "correlationVector":"HYB7UandYhwKdgieQQoFI8.13","action":"GetUpdates", "result":"DeleteReceived", "context":{"id":"8e45b6fc-2bfe-4451-8afd-6eee65e00541", "isDeleted:":"true", "version":"1670743390291"}}
{"logTime": "0124/052746", "correlationVector":"HYB7UandYhwKdgieQQoFI8.14","action":"GetUpdates", "result":"DeleteReceived", "context":{"id":"8be76aac-8e07-4ca7-ae20-0463de32e732", "isDeleted:":"true", "version":"1670743390292"}}
{"logTime": "0124/052746", "correlationVector":"HYB7UandYhwKdgieQQoFI8.15","action":"GetUpdates", "result":"DeleteReceived", "context":{"id":"acd00a6d-0109-4047-a553-1d3825f3708a", "isDeleted:":"true", "version":"1670743390293"}}
{"logTime": "0124/052746", "correlationVector":"HYB7UandYhwKdgieQQoFI8.16","action":"GetUpdates", "result":"DeleteReceived", "context":{"id":"ff5b05a1-e372-4bb0-abad-398c9cce9f84", "isDeleted:":"true", "version":"1670743390294"}}
{"logTime": "0124/052746", "correlationVector":"HYB7UandYhwKdgieQQoFI8.17","action":"GetUpdates Response", "result":"SERVER_MORE_TO_DOWNLOAD", "context":Received 192 update(s).  Some updates remain.}
{"logTime": "0124/052746", "correlationVector":"Sd4WwSbRpeLKY9XX9wG7aJ","action":"Normal GetUpdate request", "result":"", "context":cV=Sd4WwSbRpeLKY9XX9wG7aJ
Nudged types: Typed URLs, Sessions, Device Info, User Consents
Refresh requested types: Bookmarks, Preferences, Passwords, Autofill, Autofill Custom Data, Typed URLs, Extensions, Sessions, Extension settings, History Delete Directives, Device Info, User Consents, Send Tab To Self, Collection, Encryption Keys}
{"logTime": "0124/052746", "correlationVector":"Sd4WwSbRpeLKY9XX9wG7aJ.1","action":"SyncServerConnectionManagerRequest", "result":"SYNC_SERVER_OK", "context":{"environment":"Prod_AustraliaEast_0009", "server":"GENERAL01000004"}}
{"logTime": "0124/052746", "correlationVector":"Sd4WwSbRpeLKY9XX9wG7aJ.2","action":"GetUpdates", "result":"DeleteReceived", "context":{"id":"2adab752-f463-4b3c-971d-a5998024e94b", "isDeleted:":"true", "version":"1671091170233"}}
{"logTime": "0124/052746", "correlationVector":"Sd4WwSbRpeLKY9XX9wG7aJ.3","action":"GetUpdates Response", "result":"SERVER_MORE_TO_DOWNLOAD", "context":Received 10 update(s).  Some updates remain.}
{"logTime": "0124/052746", "correlationVector":"iZFUynZHBIHmeT+QS0nuoG","action":"Normal GetUpdate request", "result":"", "context":cV=iZFUynZHBIHmeT+QS0nuoG
Nudged types: Typed URLs, Sessions, Device Info, User Consents
Refresh requested types: Bookmarks, Preferences, Passwords, Autofill, Autofill Custom Data, Typed URLs, Extensions, Sessions, Extension settings, History Delete Directives, Device Info, User Consents, Send Tab To Self, Collection, Encryption Keys}
{"logTime": "0124/052747", "correlationVector":"iZFUynZHBIHmeT+QS0nuoG.1","action":"SyncServerConnectionManagerRequest", "result":"SYNC_SERVER_OK", "context":{"environment":"Prod_AustraliaEast_0009", "server":"GENERAL01000004"}}
{"logTime": "0124/052747", "correlationVector":"iZFUynZHBIHmeT+QS0nuoG.2","action":"GetUpdates Response", "result":"SERVER_MORE_TO_DOWNLOAD", "context":Received 5 update(s).  Some updates remain.}
{"logTime": "0124/052747", "correlationVector":"3O+UYHlXbiyR5QjjonzQMH","action":"Normal GetUpdate request", "result":"", "context":cV=3O+UYHlXbiyR5QjjonzQMH
Nudged types: Typed URLs, Sessions, Device Info, User Consents
Refresh requested types: Bookmarks, Preferences, Passwords, Autofill, Autofill Custom Data, Typed URLs, Extensions, Sessions, Extension settings, History Delete Directives, Device Info, User Consents, Send Tab To Self, Collection, Encryption Keys}
{"logTime": "0124/052748", "correlationVector":"3O+UYHlXbiyR5QjjonzQMH.1","action":"SyncServerConnectionManagerRequest", "result":"SYNC_SERVER_OK", "context":{"environment":"Prod_AustraliaEast_0009", "server":"GENERAL01000003"}}
{"logTime": "0124/052748", "correlationVector":"3O+UYHlXbiyR5QjjonzQMH.2","action":"GetUpdates", "result":"DeleteReceived", "context":{"id":"c85722e7-4cfd-4b40-a01c-b6cd3f63f332", "isDeleted:":"true", "version":"1672214555169"}}
{"logTime": "0124/052748", "correlationVector":"3O+UYHlXbiyR5QjjonzQMH.3","action":"GetUpdates Response", "result":"SERVER_MORE_TO_DOWNLOAD", "context":Received 5 update(s).  Some updates remain.}
{"logTime": "0124/052748", "correlationVector":"S/qpWyxGw8VpL5CVw5BvQq","action":"Normal GetUpdate request", "result":"", "context":cV=S/qpWyxGw8VpL5CVw5BvQq
Nudged types: Typed URLs, Sessions, Device Info, User Consents
Refresh requested types: Bookmarks, Preferences, Passwords, Autofill, Autofill Custom Data, Typed URLs, Extensions, Sessions, Extension settings, History Delete Directives, Device Info, User Consents, Send Tab To Self, Collection, Encryption Keys}
{"logTime": "0124/052749", "correlationVector":"S/qpWyxGw8VpL5CVw5BvQq.1","action":"SyncServerConnectionManagerRequest", "result":"SYNC_SERVER_OK", "context":{"environment":"Prod_AustraliaEast_0009", "server":"GENERAL01000006"}}
{"logTime": "0124/052749", "correlationVector":"S/qpWyxGw8VpL5CVw5BvQq.2","action":"GetUpdates", "result":"DeleteReceived", "context":{"id":"45fe224b-f846-4f15-86a2-1b55f49a7c20", "isDeleted:":"true", "version":"1672472413727"}}
{"logTime": "0124/052749", "correlationVector":"S/qpWyxGw8VpL5CVw5BvQq.3","action":"GetUpdates", "result":"DeleteReceived", "context":{"id":"bdb0c713-94c0-4d93-bce4-2c84f15d03e1", "isDeleted:":"true", "version":"1672472451207"}}
{"logTime": "0124/052749", "correlationVector":"S/qpWyxGw8VpL5CVw5BvQq.4","action":"GetUpdates Response", "result":"SERVER_MORE_TO_DOWNLOAD", "context":Received 12 update(s).  Some updates remain.}
{"logTime": "0124/052749", "correlationVector":"HYP/UCWxpNB1bPr6niuqtL","action":"Normal GetUpdate request", "result":"", "context":cV=HYP/UCWxpNB1bPr6niuqtL
Nudged types: Typed URLs, Sessions, Device Info, User Consents
Refresh requested types: Bookmarks, Preferences, Passwords, Autofill, Autofill Custom Data, Typed URLs, Extensions, Sessions, Extension settings, History Delete Directives, Device Info, User Consents, Send Tab To Self, Collection, Encryption Keys}
{"logTime": "0124/052750", "correlationVector":"HYP/UCWxpNB1bPr6niuqtL.1","action":"SyncServerConnectionManagerRequest", "result":"SYNC_SERVER_OK", "context":{"environment":"Prod_AustraliaEast_0009", "server":"GENERAL01000000"}}
{"logTime": "0124/052750", "correlationVector":"HYP/UCWxpNB1bPr6niuqtL.2","action":"GetUpdates Response", "result":"SERVER_MORE_TO_DOWNLOAD", "context":Received 5 update(s).  Some updates remain.}
{"logTime": "0124/052750", "correlationVector":"ieuHx5eRJ7SB5Xtj9WNALi","action":"Normal GetUpdate request", "result":"", "context":cV=ieuHx5eRJ7SB5Xtj9WNALi
Nudged types: Typed URLs, Sessions, Device Info, User Consents
Refresh requested types: Bookmarks, Preferences, Passwords, Autofill, Autofill Custom Data, Typed URLs, Extensions, Sessions, Extension settings, History Delete Directives, Device Info, User Consents, Send Tab To Self, Collection, Encryption Keys}
{"logTime": "0124/052751", "correlationVector":"ieuHx5eRJ7SB5Xtj9WNALi.1","action":"SyncServerConnectionManagerRequest", "result":"SYNC_SERVER_OK", "context":{"environment":"Prod_AustraliaEast_0009", "server":"GENERAL01000009"}}
{"logTime": "0124/052751", "correlationVector":"ieuHx5eRJ7SB5Xtj9WNALi.2","action":"GetUpdates Response", "result":"SERVER_MORE_TO_DOWNLOAD", "context":Received 4 update(s).  Some updates remain.}
{"logTime": "0124/052751", "correlationVector":"ds30v2zv0lGvKeUJOyekXl","action":"Normal GetUpdate request", "result":"", "context":cV=ds30v2zv0lGvKeUJOyekXl
Nudged types: Typed URLs, Sessions, Device Info, User Consents
Refresh requested types: Bookmarks, Preferences, Passwords, Autofill, Autofill Custom Data, Typed URLs, Extensions, Sessions, Extension settings, History Delete Directives, Device Info, User Consents, Send Tab To Self, Collection, Encryption Keys}
{"logTime": "0124/052751", "correlationVector":"ds30v2zv0lGvKeUJOyekXl.1","action":"SyncServerConnectionManagerRequest", "result":"SYNC_SERVER_OK", "context":{"environment":"Prod_AustraliaEast_0009", "server":"GENERAL01000003"}}
{"logTime": "0124/052751", "correlationVector":"ds30v2zv0lGvKeUJOyekXl.2","action":"GetUpdates Response", "result":"SERVER_MORE_TO_DOWNLOAD", "context":Received 5 update(s).  Some updates remain.}
{"logTime": "0124/052751", "correlationVector":"K7fR+RMvE4AyUy5fX17gcc","action":"Normal GetUpdate request", "result":"", "context":cV=K7fR+RMvE4AyUy5fX17gcc
Nudged types: Typed URLs, Sessions, Device Info, User Consents
Refresh requested types: Bookmarks, Preferences, Passwords, Autofill, Autofill Custom Data, Typed URLs, Extensions, Sessions, Extension settings, History Delete Directives, Device Info, User Consents, Send Tab To Self, Collection, Encryption Keys}
{"logTime": "0124/052752", "correlationVector":"K7fR+RMvE4AyUy5fX17gcc.1","action":"SyncServerConnectionManagerRequest", "result":"SYNC_SERVER_OK", "context":{"environment":"Prod_AustraliaEast_0009", "server":"GENERAL01000009"}}
{"logTime": "0124/052752", "correlationVector":"K7fR+RMvE4AyUy5fX17gcc.2","action":"GetUpdates Response", "result":"SYNCER_OK", "context":Received 0 update(s). cV=K7fR+RMvE4AyUy5fX17gcc.0;server=GENERAL01000009;cloudType=Consumer;environment=Prod_AustraliaEast_0009}
{"logTime": "0124/052752", "correlationVector":"8LcolRLhbI2SFvFsO2Q6p1","action":"Commit Request", "result":"", "context":Item count: 1
Contributing types: Device Info}
{"logTime": "0124/052753", "correlationVector":"8LcolRLhbI2SFvFsO2Q6p1.1","action":"SyncServerConnectionManagerRequest", "result":"SYNC_SERVER_OK", "context":{"environment":"Prod_AustraliaEast_0009", "server":"GENERAL01000006"}}
{"logTime": "0124/052753", "correlationVector":"8LcolRLhbI2SFvFsO2Q6p1.2","action":"Commit Response", "result":"SYNCER_OK", "context":Result: SYNCER_OK. cV=8LcolRLhbI2SFvFsO2Q6p1.0;server=GENERAL01000006;cloudType=Consumer;environment=Prod_AustraliaEast_0009}
{"logTime": "0124/052753", "correlationVector":"m1EP9E/QRYdgNJFeQTGujC","action":"Commit Request", "result":"", "context":Item count: 20
Contributing types: Typed URLs}
{"logTime": "0124/052755", "correlationVector":"m1EP9E/QRYdgNJFeQTGujC.1","action":"SyncServerConnectionManagerRequest", "result":"SYNC_SERVER_OK", "context":{"environment":"Prod_AustraliaEast_0009", "server":"GENERAL01000000"}}
{"logTime": "0124/052755", "correlationVector":"m1EP9E/QRYdgNJFeQTGujC.2","action":"Commit Response", "result":"SYNCER_OK", "context":Result: SYNCER_OK. cV=m1EP9E/QRYdgNJFeQTGujC.0;server=GENERAL01000000;cloudType=Consumer;environment=Prod_AustraliaEast_0009}
{"logTime": "0124/052755", "correlationVector":"fdrfSSLcVqMI3l4DZqTslu","action":"Commit Request", "result":"", "context":Item count: 6
Contributing types: Typed URLs, Sessions, User Consents}
{"logTime": "0124/052756", "correlationVector":"fdrfSSLcVqMI3l4DZqTslu.1","action":"SyncServerConnectionManagerRequest", "result":"SYNC_SERVER_OK", "context":{"environment":"Prod_AustraliaEast_0009", "server":"GENERAL01000000"}}
{"logTime": "0124/052756", "correlationVector":"fdrfSSLcVqMI3l4DZqTslu.2","action":"Commit Response", "result":"SYNCER_OK", "context":Result: SYNCER_OK. cV=fdrfSSLcVqMI3l4DZqTslu.0;server=GENERAL01000000;cloudType=Consumer;environment=Prod_AustraliaEast_0009}
